{"/home/luisffg/Projetos/sd-012-project-recipes-app/src/App.js": {"path":"/home/luisffg/Projetos/sd-012-project-recipes-app/src/App.js","statementMap":{"0":{"start":{"line":6,"column":2},"end":{"line":10,"column":4}}},"fnMap":{"0":{"name":"App","decl":{"start":{"line":5,"column":9},"end":{"line":5,"column":12}},"loc":{"start":{"line":5,"column":15},"end":{"line":11,"column":1}},"line":5}},"branchMap":{},"s":{"0":42},"f":{"0":42},"b":{},"_coverageSchema":"43e27e138ebf9cfc5966b082cf9a028302ed4184","hash":"c8f9c522ccfee119253acf9f781869aea10b0aee"}
,"/home/luisffg/Projetos/sd-012-project-recipes-app/src/Routes.js": {"path":"/home/luisffg/Projetos/sd-012-project-recipes-app/src/Routes.js","statementMap":{"0":{"start":{"line":21,"column":2},"end":{"line":46,"column":4}}},"fnMap":{"0":{"name":"Routes","decl":{"start":{"line":20,"column":9},"end":{"line":20,"column":15}},"loc":{"start":{"line":20,"column":18},"end":{"line":47,"column":1}},"line":20}},"branchMap":{},"s":{"0":42},"f":{"0":42},"b":{},"_coverageSchema":"43e27e138ebf9cfc5966b082cf9a028302ed4184","hash":"a6864d3cff5c9f2e615ad49d12d87a284a26f2a3"}
,"/home/luisffg/Projetos/sd-012-project-recipes-app/src/components/ButtonCategories.jsx": {"path":"/home/luisffg/Projetos/sd-012-project-recipes-app/src/components/ButtonCategories.jsx","statementMap":{"0":{"start":{"line":5,"column":2},"end":{"line":15,"column":4}},"1":{"start":{"line":8,"column":32},"end":{"line":8,"column":51}},"2":{"start":{"line":20,"column":0},"end":{"line":24,"column":2}}},"fnMap":{"0":{"name":"ButtonCategories","decl":{"start":{"line":4,"column":9},"end":{"line":4,"column":25}},"loc":{"start":{"line":4,"column":58},"end":{"line":16,"column":1}},"line":4},"1":{"name":"(anonymous_1)","decl":{"start":{"line":8,"column":16},"end":{"line":8,"column":17}},"loc":{"start":{"line":8,"column":32},"end":{"line":8,"column":51}},"line":8}},"branchMap":{},"s":{"0":0,"1":0,"2":4},"f":{"0":0,"1":0},"b":{},"_coverageSchema":"43e27e138ebf9cfc5966b082cf9a028302ed4184","hash":"4c44f645fa8b9d0497bfaef0a5743146e0b40b91"}
,"/home/luisffg/Projetos/sd-012-project-recipes-app/src/components/DrinkCard.jsx": {"path":"/home/luisffg/Projetos/sd-012-project-recipes-app/src/components/DrinkCard.jsx","statementMap":{"0":{"start":{"line":6,"column":2},"end":{"line":21,"column":4}},"1":{"start":{"line":24,"column":0},"end":{"line":27,"column":2}}},"fnMap":{"0":{"name":"DrinkCard","decl":{"start":{"line":5,"column":9},"end":{"line":5,"column":18}},"loc":{"start":{"line":5,"column":37},"end":{"line":22,"column":1}},"line":5}},"branchMap":{},"s":{"0":0,"1":4},"f":{"0":0},"b":{},"_coverageSchema":"43e27e138ebf9cfc5966b082cf9a028302ed4184","hash":"818bb472c9a5c7b61a36a8019e0e49b9b3148ca2"}
,"/home/luisffg/Projetos/sd-012-project-recipes-app/src/components/DrinkList.jsx": {"path":"/home/luisffg/Projetos/sd-012-project-recipes-app/src/components/DrinkList.jsx","statementMap":{"0":{"start":{"line":6,"column":30},"end":{"line":6,"column":42}},"1":{"start":{"line":7,"column":38},"end":{"line":7,"column":50}},"2":{"start":{"line":8,"column":30},"end":{"line":8,"column":45}},"3":{"start":{"line":9,"column":28},"end":{"line":9,"column":40}},"4":{"start":{"line":10,"column":15},"end":{"line":10,"column":17}},"5":{"start":{"line":11,"column":16},"end":{"line":11,"column":17}},"6":{"start":{"line":13,"column":22},"end":{"line":18,"column":8}},"7":{"start":{"line":14,"column":27},"end":{"line":14,"column":86}},"8":{"start":{"line":15,"column":20},"end":{"line":15,"column":47}},"9":{"start":{"line":16,"column":21},"end":{"line":16,"column":41}},"10":{"start":{"line":17,"column":4},"end":{"line":17,"column":24}},"11":{"start":{"line":20,"column":26},"end":{"line":25,"column":8}},"12":{"start":{"line":21,"column":35},"end":{"line":21,"column":96}},"13":{"start":{"line":22,"column":23},"end":{"line":22,"column":58}},"14":{"start":{"line":23,"column":24},"end":{"line":23,"column":47}},"15":{"start":{"line":24,"column":4},"end":{"line":24,"column":31}},"16":{"start":{"line":27,"column":29},"end":{"line":32,"column":8}},"17":{"start":{"line":28,"column":40},"end":{"line":28,"column":107}},"18":{"start":{"line":29,"column":28},"end":{"line":29,"column":68}},"19":{"start":{"line":30,"column":29},"end":{"line":30,"column":57}},"20":{"start":{"line":31,"column":4},"end":{"line":31,"column":32}},"21":{"start":{"line":34,"column":22},"end":{"line":46,"column":3}},"22":{"start":{"line":35,"column":4},"end":{"line":45,"column":5}},"23":{"start":{"line":36,"column":6},"end":{"line":36,"column":29}},"24":{"start":{"line":37,"column":6},"end":{"line":37,"column":39}},"25":{"start":{"line":38,"column":6},"end":{"line":38,"column":22}},"26":{"start":{"line":39,"column":11},"end":{"line":45,"column":5}},"27":{"start":{"line":40,"column":6},"end":{"line":40,"column":20}},"28":{"start":{"line":41,"column":6},"end":{"line":41,"column":23}},"29":{"start":{"line":43,"column":6},"end":{"line":43,"column":39}},"30":{"start":{"line":44,"column":6},"end":{"line":44,"column":22}},"31":{"start":{"line":48,"column":2},"end":{"line":51,"column":37}},"32":{"start":{"line":49,"column":4},"end":{"line":49,"column":18}},"33":{"start":{"line":50,"column":4},"end":{"line":50,"column":22}},"34":{"start":{"line":53,"column":2},"end":{"line":74,"column":3}},"35":{"start":{"line":54,"column":4},"end":{"line":73,"column":6}},"36":{"start":{"line":61,"column":57},"end":{"line":66,"column":10}},"37":{"start":{"line":69,"column":12},"end":{"line":69,"column":80}},"38":{"start":{"line":74,"column":4},"end":{"line":78,"column":4}}},"fnMap":{"0":{"name":"FoodList","decl":{"start":{"line":5,"column":9},"end":{"line":5,"column":17}},"loc":{"start":{"line":5,"column":20},"end":{"line":79,"column":1}},"line":5},"1":{"name":"(anonymous_1)","decl":{"start":{"line":13,"column":34},"end":{"line":13,"column":35}},"loc":{"start":{"line":13,"column":46},"end":{"line":18,"column":3}},"line":13},"2":{"name":"(anonymous_2)","decl":{"start":{"line":20,"column":38},"end":{"line":20,"column":39}},"loc":{"start":{"line":20,"column":50},"end":{"line":25,"column":3}},"line":20},"3":{"name":"(anonymous_3)","decl":{"start":{"line":27,"column":41},"end":{"line":27,"column":42}},"loc":{"start":{"line":27,"column":58},"end":{"line":32,"column":3}},"line":27},"4":{"name":"(anonymous_4)","decl":{"start":{"line":34,"column":22},"end":{"line":34,"column":23}},"loc":{"start":{"line":34,"column":34},"end":{"line":46,"column":3}},"line":34},"5":{"name":"(anonymous_5)","decl":{"start":{"line":48,"column":12},"end":{"line":48,"column":13}},"loc":{"start":{"line":48,"column":18},"end":{"line":51,"column":3}},"line":48},"6":{"name":"(anonymous_6)","decl":{"start":{"line":61,"column":47},"end":{"line":61,"column":48}},"loc":{"start":{"line":61,"column":57},"end":{"line":66,"column":10}},"line":61},"7":{"name":"(anonymous_7)","decl":{"start":{"line":68,"column":44},"end":{"line":68,"column":45}},"loc":{"start":{"line":69,"column":12},"end":{"line":69,"column":80}},"line":69}},"branchMap":{"0":{"loc":{"start":{"line":35,"column":4},"end":{"line":45,"column":5}},"type":"if","locations":[{"start":{"line":35,"column":4},"end":{"line":45,"column":5}},{"start":{"line":35,"column":4},"end":{"line":45,"column":5}}],"line":35},"1":{"loc":{"start":{"line":39,"column":11},"end":{"line":45,"column":5}},"type":"if","locations":[{"start":{"line":39,"column":11},"end":{"line":45,"column":5}},{"start":{"line":39,"column":11},"end":{"line":45,"column":5}}],"line":39},"2":{"loc":{"start":{"line":53,"column":2},"end":{"line":74,"column":3}},"type":"if","locations":[{"start":{"line":53,"column":2},"end":{"line":74,"column":3}},{"start":{"line":53,"column":2},"end":{"line":74,"column":3}}],"line":53},"3":{"loc":{"start":{"line":53,"column":6},"end":{"line":53,"column":40}},"type":"binary-expr","locations":[{"start":{"line":53,"column":6},"end":{"line":53,"column":19}},{"start":{"line":53,"column":23},"end":{"line":53,"column":40}}],"line":53}},"s":{"0":0,"1":0,"2":0,"3":0,"4":0,"5":0,"6":0,"7":0,"8":0,"9":0,"10":0,"11":0,"12":0,"13":0,"14":0,"15":0,"16":0,"17":0,"18":0,"19":0,"20":0,"21":0,"22":0,"23":0,"24":0,"25":0,"26":0,"27":0,"28":0,"29":0,"30":0,"31":0,"32":0,"33":0,"34":0,"35":0,"36":0,"37":0,"38":0},"f":{"0":0,"1":0,"2":0,"3":0,"4":0,"5":0,"6":0,"7":0},"b":{"0":[0,0],"1":[0,0],"2":[0,0],"3":[0,0]},"_coverageSchema":"43e27e138ebf9cfc5966b082cf9a028302ed4184","hash":"9fde781dabeb3fc9249a7a31f5c3ca89989c2923"}
,"/home/luisffg/Projetos/sd-012-project-recipes-app/src/components/FinishRecipeButton.jsx": {"path":"/home/luisffg/Projetos/sd-012-project-recipes-app/src/components/FinishRecipeButton.jsx","statementMap":{"0":{"start":{"line":7,"column":34},"end":{"line":7,"column":49}},"1":{"start":{"line":9,"column":2},"end":{"line":11,"column":3}},"2":{"start":{"line":10,"column":4},"end":{"line":10,"column":46}},"3":{"start":{"line":13,"column":19},"end":{"line":39,"column":3}},"4":{"start":{"line":14,"column":17},"end":{"line":14,"column":27}},"5":{"start":{"line":15,"column":21},"end":{"line":15,"column":87}},"6":{"start":{"line":23,"column":8},"end":{"line":23,"column":14}},"7":{"start":{"line":24,"column":15},"end":{"line":24,"column":17}},"8":{"start":{"line":25,"column":4},"end":{"line":27,"column":5}},"9":{"start":{"line":26,"column":6},"end":{"line":26,"column":32}},"10":{"start":{"line":28,"column":4},"end":{"line":38,"column":6}},"11":{"start":{"line":41,"column":20},"end":{"line":67,"column":3}},"12":{"start":{"line":42,"column":17},"end":{"line":42,"column":27}},"13":{"start":{"line":43,"column":21},"end":{"line":43,"column":87}},"14":{"start":{"line":51,"column":8},"end":{"line":51,"column":14}},"15":{"start":{"line":52,"column":15},"end":{"line":52,"column":17}},"16":{"start":{"line":53,"column":4},"end":{"line":55,"column":5}},"17":{"start":{"line":54,"column":6},"end":{"line":54,"column":32}},"18":{"start":{"line":56,"column":4},"end":{"line":66,"column":6}},"19":{"start":{"line":69,"column":26},"end":{"line":84,"column":3}},"20":{"start":{"line":70,"column":23},"end":{"line":70,"column":25}},"21":{"start":{"line":71,"column":4},"end":{"line":75,"column":5}},"22":{"start":{"line":72,"column":6},"end":{"line":72,"column":34}},"23":{"start":{"line":74,"column":6},"end":{"line":74,"column":35}},"24":{"start":{"line":76,"column":24},"end":{"line":76,"column":71}},"25":{"start":{"line":77,"column":4},"end":{"line":82,"column":5}},"26":{"start":{"line":78,"column":6},"end":{"line":78,"column":70}},"27":{"start":{"line":80,"column":25},"end":{"line":80,"column":56}},"28":{"start":{"line":81,"column":6},"end":{"line":81,"column":70}},"29":{"start":{"line":83,"column":4},"end":{"line":83,"column":22}},"30":{"start":{"line":86,"column":2},"end":{"line":96,"column":4}},"31":{"start":{"line":99,"column":0},"end":{"line":103,"column":2}}},"fnMap":{"0":{"name":"FinishRecipeButton","decl":{"start":{"line":6,"column":9},"end":{"line":6,"column":27}},"loc":{"start":{"line":6,"column":55},"end":{"line":97,"column":1}},"line":6},"1":{"name":"(anonymous_1)","decl":{"start":{"line":13,"column":19},"end":{"line":13,"column":20}},"loc":{"start":{"line":13,"column":25},"end":{"line":39,"column":3}},"line":13},"2":{"name":"(anonymous_2)","decl":{"start":{"line":41,"column":20},"end":{"line":41,"column":21}},"loc":{"start":{"line":41,"column":26},"end":{"line":67,"column":3}},"line":41},"3":{"name":"(anonymous_3)","decl":{"start":{"line":69,"column":26},"end":{"line":69,"column":27}},"loc":{"start":{"line":69,"column":32},"end":{"line":84,"column":3}},"line":69}},"branchMap":{"0":{"loc":{"start":{"line":9,"column":2},"end":{"line":11,"column":3}},"type":"if","locations":[{"start":{"line":9,"column":2},"end":{"line":11,"column":3}},{"start":{"line":9,"column":2},"end":{"line":11,"column":3}}],"line":9},"1":{"loc":{"start":{"line":25,"column":4},"end":{"line":27,"column":5}},"type":"if","locations":[{"start":{"line":25,"column":4},"end":{"line":27,"column":5}},{"start":{"line":25,"column":4},"end":{"line":27,"column":5}}],"line":25},"2":{"loc":{"start":{"line":53,"column":4},"end":{"line":55,"column":5}},"type":"if","locations":[{"start":{"line":53,"column":4},"end":{"line":55,"column":5}},{"start":{"line":53,"column":4},"end":{"line":55,"column":5}}],"line":53},"3":{"loc":{"start":{"line":71,"column":4},"end":{"line":75,"column":5}},"type":"if","locations":[{"start":{"line":71,"column":4},"end":{"line":75,"column":5}},{"start":{"line":71,"column":4},"end":{"line":75,"column":5}}],"line":71},"4":{"loc":{"start":{"line":77,"column":4},"end":{"line":82,"column":5}},"type":"if","locations":[{"start":{"line":77,"column":4},"end":{"line":82,"column":5}},{"start":{"line":77,"column":4},"end":{"line":82,"column":5}}],"line":77}},"s":{"0":0,"1":0,"2":0,"3":0,"4":0,"5":0,"6":0,"7":0,"8":0,"9":0,"10":0,"11":0,"12":0,"13":0,"14":0,"15":0,"16":0,"17":0,"18":0,"19":0,"20":0,"21":0,"22":0,"23":0,"24":0,"25":0,"26":0,"27":0,"28":0,"29":0,"30":0,"31":4},"f":{"0":0,"1":0,"2":0,"3":0},"b":{"0":[0,0],"1":[0,0],"2":[0,0],"3":[0,0],"4":[0,0]},"_coverageSchema":"43e27e138ebf9cfc5966b082cf9a028302ed4184","hash":"28a6034523cc62e408bfcdf8892ce350b8972f2f"}
,"/home/luisffg/Projetos/sd-012-project-recipes-app/src/components/FoodCard.jsx": {"path":"/home/luisffg/Projetos/sd-012-project-recipes-app/src/components/FoodCard.jsx","statementMap":{"0":{"start":{"line":6,"column":2},"end":{"line":21,"column":4}},"1":{"start":{"line":24,"column":0},"end":{"line":27,"column":2}}},"fnMap":{"0":{"name":"FoodCard","decl":{"start":{"line":5,"column":9},"end":{"line":5,"column":17}},"loc":{"start":{"line":5,"column":35},"end":{"line":22,"column":1}},"line":5}},"branchMap":{},"s":{"0":0,"1":4},"f":{"0":0},"b":{},"_coverageSchema":"43e27e138ebf9cfc5966b082cf9a028302ed4184","hash":"8be25dd3091f341aecfb7fd0fa0050a0ba9ec629"}
,"/home/luisffg/Projetos/sd-012-project-recipes-app/src/components/FoodList.jsx": {"path":"/home/luisffg/Projetos/sd-012-project-recipes-app/src/components/FoodList.jsx","statementMap":{"0":{"start":{"line":6,"column":28},"end":{"line":6,"column":40}},"1":{"start":{"line":7,"column":38},"end":{"line":7,"column":50}},"2":{"start":{"line":8,"column":30},"end":{"line":8,"column":45}},"3":{"start":{"line":9,"column":28},"end":{"line":9,"column":40}},"4":{"start":{"line":10,"column":15},"end":{"line":10,"column":17}},"5":{"start":{"line":11,"column":16},"end":{"line":11,"column":17}},"6":{"start":{"line":12,"column":21},"end":{"line":17,"column":8}},"7":{"start":{"line":13,"column":26},"end":{"line":13,"column":81}},"8":{"start":{"line":14,"column":20},"end":{"line":14,"column":46}},"9":{"start":{"line":15,"column":21},"end":{"line":15,"column":41}},"10":{"start":{"line":16,"column":4},"end":{"line":16,"column":23}},"11":{"start":{"line":19,"column":26},"end":{"line":24,"column":8}},"12":{"start":{"line":20,"column":33},"end":{"line":20,"column":90}},"13":{"start":{"line":21,"column":23},"end":{"line":21,"column":56}},"14":{"start":{"line":22,"column":24},"end":{"line":22,"column":47}},"15":{"start":{"line":23,"column":4},"end":{"line":23,"column":31}},"16":{"start":{"line":26,"column":28},"end":{"line":31,"column":8}},"17":{"start":{"line":27,"column":33},"end":{"line":27,"column":96}},"18":{"start":{"line":28,"column":28},"end":{"line":28,"column":61}},"19":{"start":{"line":29,"column":29},"end":{"line":29,"column":57}},"20":{"start":{"line":30,"column":4},"end":{"line":30,"column":31}},"21":{"start":{"line":33,"column":22},"end":{"line":45,"column":3}},"22":{"start":{"line":34,"column":4},"end":{"line":44,"column":5}},"23":{"start":{"line":35,"column":6},"end":{"line":35,"column":29}},"24":{"start":{"line":36,"column":6},"end":{"line":36,"column":38}},"25":{"start":{"line":37,"column":6},"end":{"line":37,"column":22}},"26":{"start":{"line":38,"column":11},"end":{"line":44,"column":5}},"27":{"start":{"line":39,"column":6},"end":{"line":39,"column":19}},"28":{"start":{"line":40,"column":6},"end":{"line":40,"column":23}},"29":{"start":{"line":42,"column":6},"end":{"line":42,"column":38}},"30":{"start":{"line":43,"column":6},"end":{"line":43,"column":22}},"31":{"start":{"line":47,"column":2},"end":{"line":50,"column":36}},"32":{"start":{"line":48,"column":4},"end":{"line":48,"column":17}},"33":{"start":{"line":49,"column":4},"end":{"line":49,"column":22}},"34":{"start":{"line":52,"column":2},"end":{"line":73,"column":3}},"35":{"start":{"line":53,"column":4},"end":{"line":72,"column":6}},"36":{"start":{"line":60,"column":56},"end":{"line":65,"column":10}},"37":{"start":{"line":68,"column":12},"end":{"line":68,"column":74}},"38":{"start":{"line":73,"column":4},"end":{"line":77,"column":4}}},"fnMap":{"0":{"name":"FoodList","decl":{"start":{"line":5,"column":9},"end":{"line":5,"column":17}},"loc":{"start":{"line":5,"column":20},"end":{"line":78,"column":1}},"line":5},"1":{"name":"(anonymous_1)","decl":{"start":{"line":12,"column":33},"end":{"line":12,"column":34}},"loc":{"start":{"line":12,"column":45},"end":{"line":17,"column":3}},"line":12},"2":{"name":"(anonymous_2)","decl":{"start":{"line":19,"column":38},"end":{"line":19,"column":39}},"loc":{"start":{"line":19,"column":50},"end":{"line":24,"column":3}},"line":19},"3":{"name":"(anonymous_3)","decl":{"start":{"line":26,"column":40},"end":{"line":26,"column":41}},"loc":{"start":{"line":26,"column":57},"end":{"line":31,"column":3}},"line":26},"4":{"name":"(anonymous_4)","decl":{"start":{"line":33,"column":22},"end":{"line":33,"column":23}},"loc":{"start":{"line":33,"column":34},"end":{"line":45,"column":3}},"line":33},"5":{"name":"(anonymous_5)","decl":{"start":{"line":47,"column":12},"end":{"line":47,"column":13}},"loc":{"start":{"line":47,"column":18},"end":{"line":50,"column":3}},"line":47},"6":{"name":"(anonymous_6)","decl":{"start":{"line":60,"column":46},"end":{"line":60,"column":47}},"loc":{"start":{"line":60,"column":56},"end":{"line":65,"column":10}},"line":60},"7":{"name":"(anonymous_7)","decl":{"start":{"line":67,"column":42},"end":{"line":67,"column":43}},"loc":{"start":{"line":68,"column":12},"end":{"line":68,"column":74}},"line":68}},"branchMap":{"0":{"loc":{"start":{"line":34,"column":4},"end":{"line":44,"column":5}},"type":"if","locations":[{"start":{"line":34,"column":4},"end":{"line":44,"column":5}},{"start":{"line":34,"column":4},"end":{"line":44,"column":5}}],"line":34},"1":{"loc":{"start":{"line":38,"column":11},"end":{"line":44,"column":5}},"type":"if","locations":[{"start":{"line":38,"column":11},"end":{"line":44,"column":5}},{"start":{"line":38,"column":11},"end":{"line":44,"column":5}}],"line":38},"2":{"loc":{"start":{"line":52,"column":2},"end":{"line":73,"column":3}},"type":"if","locations":[{"start":{"line":52,"column":2},"end":{"line":73,"column":3}},{"start":{"line":52,"column":2},"end":{"line":73,"column":3}}],"line":52},"3":{"loc":{"start":{"line":52,"column":6},"end":{"line":52,"column":39}},"type":"binary-expr","locations":[{"start":{"line":52,"column":6},"end":{"line":52,"column":18}},{"start":{"line":52,"column":22},"end":{"line":52,"column":39}}],"line":52}},"s":{"0":0,"1":0,"2":0,"3":0,"4":0,"5":0,"6":0,"7":0,"8":0,"9":0,"10":0,"11":0,"12":0,"13":0,"14":0,"15":0,"16":0,"17":0,"18":0,"19":0,"20":0,"21":0,"22":0,"23":0,"24":0,"25":0,"26":0,"27":0,"28":0,"29":0,"30":0,"31":0,"32":0,"33":0,"34":0,"35":0,"36":0,"37":0,"38":0},"f":{"0":0,"1":0,"2":0,"3":0,"4":0,"5":0,"6":0,"7":0},"b":{"0":[0,0],"1":[0,0],"2":[0,0],"3":[0,0]},"_coverageSchema":"43e27e138ebf9cfc5966b082cf9a028302ed4184","hash":"a33b58408ba1bbd12acf8ea282ca2f39ac89e652"}
,"/home/luisffg/Projetos/sd-012-project-recipes-app/src/components/Footer.jsx": {"path":"/home/luisffg/Projetos/sd-012-project-recipes-app/src/components/Footer.jsx","statementMap":{"0":{"start":{"line":9,"column":2},"end":{"line":23,"column":4}}},"fnMap":{"0":{"name":"Footer","decl":{"start":{"line":8,"column":9},"end":{"line":8,"column":15}},"loc":{"start":{"line":8,"column":18},"end":{"line":24,"column":1}},"line":8}},"branchMap":{},"s":{"0":44},"f":{"0":44},"b":{},"_coverageSchema":"43e27e138ebf9cfc5966b082cf9a028302ed4184","hash":"8042f0cea95a426d744f8cace417e320334f41e5"}
,"/home/luisffg/Projetos/sd-012-project-recipes-app/src/components/Header.jsx": {"path":"/home/luisffg/Projetos/sd-012-project-recipes-app/src/components/Header.jsx","statementMap":{"0":{"start":{"line":10,"column":26},"end":{"line":10,"column":41}},"1":{"start":{"line":11,"column":22},"end":{"line":13,"column":3}},"2":{"start":{"line":12,"column":4},"end":{"line":12,"column":39}},"3":{"start":{"line":12,"column":27},"end":{"line":12,"column":37}},"4":{"start":{"line":14,"column":29},"end":{"line":27,"column":3}},"5":{"start":{"line":15,"column":4},"end":{"line":26,"column":5}},"6":{"start":{"line":16,"column":6},"end":{"line":25,"column":8}},"7":{"start":{"line":28,"column":2},"end":{"line":43,"column":4}},"8":{"start":{"line":46,"column":0},"end":{"line":48,"column":2}}},"fnMap":{"0":{"name":"Header","decl":{"start":{"line":9,"column":9},"end":{"line":9,"column":15}},"loc":{"start":{"line":9,"column":26},"end":{"line":44,"column":1}},"line":9},"1":{"name":"(anonymous_1)","decl":{"start":{"line":11,"column":22},"end":{"line":11,"column":23}},"loc":{"start":{"line":11,"column":28},"end":{"line":13,"column":3}},"line":11},"2":{"name":"(anonymous_2)","decl":{"start":{"line":12,"column":12},"end":{"line":12,"column":13}},"loc":{"start":{"line":12,"column":27},"end":{"line":12,"column":37}},"line":12},"3":{"name":"(anonymous_3)","decl":{"start":{"line":14,"column":29},"end":{"line":14,"column":30}},"loc":{"start":{"line":14,"column":35},"end":{"line":27,"column":3}},"line":14}},"branchMap":{"0":{"loc":{"start":{"line":15,"column":4},"end":{"line":26,"column":5}},"type":"if","locations":[{"start":{"line":15,"column":4},"end":{"line":26,"column":5}},{"start":{"line":15,"column":4},"end":{"line":26,"column":5}}],"line":15},"1":{"loc":{"start":{"line":15,"column":8},"end":{"line":15,"column":78}},"type":"binary-expr","locations":[{"start":{"line":15,"column":8},"end":{"line":15,"column":26}},{"start":{"line":15,"column":30},"end":{"line":15,"column":48}},{"start":{"line":15,"column":52},"end":{"line":15,"column":78}}],"line":15},"2":{"loc":{"start":{"line":41,"column":8},"end":{"line":41,"column":47}},"type":"binary-expr","locations":[{"start":{"line":41,"column":8},"end":{"line":41,"column":12}},{"start":{"line":41,"column":16},"end":{"line":41,"column":47}}],"line":41}},"s":{"0":52,"1":52,"2":3,"3":3,"4":52,"5":52,"6":16,"7":52,"8":4},"f":{"0":52,"1":3,"2":3,"3":52},"b":{"0":[16,36],"1":[52,46,41],"2":[52,3]},"_coverageSchema":"43e27e138ebf9cfc5966b082cf9a028302ed4184","hash":"98ac985c3d4da13ed54328c526f423f0138c4cf8"}
,"/home/luisffg/Projetos/sd-012-project-recipes-app/src/components/IngredientsCheckList.jsx": {"path":"/home/luisffg/Projetos/sd-012-project-recipes-app/src/components/IngredientsCheckList.jsx","statementMap":{"0":{"start":{"line":10,"column":2},"end":{"line":30,"column":4}},"1":{"start":{"line":15,"column":10},"end":{"line":26,"column":12}},"2":{"start":{"line":22,"column":32},"end":{"line":22,"column":50}},"3":{"start":{"line":33,"column":0},"end":{"line":36,"column":2}}},"fnMap":{"0":{"name":"IngredientsCheckList","decl":{"start":{"line":9,"column":9},"end":{"line":9,"column":29}},"loc":{"start":{"line":9,"column":54},"end":{"line":31,"column":1}},"line":9},"1":{"name":"(anonymous_1)","decl":{"start":{"line":14,"column":19},"end":{"line":14,"column":20}},"loc":{"start":{"line":15,"column":10},"end":{"line":26,"column":12}},"line":15},"2":{"name":"(anonymous_2)","decl":{"start":{"line":22,"column":26},"end":{"line":22,"column":27}},"loc":{"start":{"line":22,"column":32},"end":{"line":22,"column":50}},"line":22}},"branchMap":{},"s":{"0":0,"1":0,"2":0,"3":4},"f":{"0":0,"1":0,"2":0},"b":{},"_coverageSchema":"43e27e138ebf9cfc5966b082cf9a028302ed4184","hash":"49ae1a3f71f307fdab58948bba24f12bdec753b5"}
,"/home/luisffg/Projetos/sd-012-project-recipes-app/src/components/RecipeCard.jsx": {"path":"/home/luisffg/Projetos/sd-012-project-recipes-app/src/components/RecipeCard.jsx","statementMap":{"0":{"start":{"line":5,"column":2},"end":{"line":24,"column":4}},"1":{"start":{"line":27,"column":0},"end":{"line":30,"column":2}}},"fnMap":{"0":{"name":"RecipeCard","decl":{"start":{"line":4,"column":9},"end":{"line":4,"column":19}},"loc":{"start":{"line":4,"column":39},"end":{"line":25,"column":1}},"line":4}},"branchMap":{"0":{"loc":{"start":{"line":8,"column":12},"end":{"line":8,"column":43}},"type":"binary-expr","locations":[{"start":{"line":8,"column":12},"end":{"line":8,"column":25}},{"start":{"line":8,"column":29},"end":{"line":8,"column":43}}],"line":8},"1":{"loc":{"start":{"line":13,"column":16},"end":{"line":13,"column":59}},"type":"binary-expr","locations":[{"start":{"line":13,"column":16},"end":{"line":13,"column":35}},{"start":{"line":13,"column":39},"end":{"line":13,"column":59}}],"line":13},"2":{"loc":{"start":{"line":14,"column":16},"end":{"line":14,"column":49}},"type":"binary-expr","locations":[{"start":{"line":14,"column":16},"end":{"line":14,"column":30}},{"start":{"line":14,"column":34},"end":{"line":14,"column":49}}],"line":14},"3":{"loc":{"start":{"line":20,"column":12},"end":{"line":20,"column":45}},"type":"binary-expr","locations":[{"start":{"line":20,"column":12},"end":{"line":20,"column":26}},{"start":{"line":20,"column":30},"end":{"line":20,"column":45}}],"line":20}},"s":{"0":0,"1":4},"f":{"0":0},"b":{"0":[0,0],"1":[0,0],"2":[0,0],"3":[0,0]},"_coverageSchema":"43e27e138ebf9cfc5966b082cf9a028302ed4184","hash":"4530f6c3981f777de171c29eba86b40bcd70e7cb"}
,"/home/luisffg/Projetos/sd-012-project-recipes-app/src/components/RecomendedCard.jsx": {"path":"/home/luisffg/Projetos/sd-012-project-recipes-app/src/components/RecomendedCard.jsx","statementMap":{"0":{"start":{"line":5,"column":19},"end":{"line":7,"column":3}},"1":{"start":{"line":8,"column":2},"end":{"line":22,"column":4}},"2":{"start":{"line":25,"column":0},"end":{"line":31,"column":2}}},"fnMap":{"0":{"name":"RecomendedCard","decl":{"start":{"line":4,"column":9},"end":{"line":4,"column":23}},"loc":{"start":{"line":4,"column":60},"end":{"line":23,"column":1}},"line":4}},"branchMap":{},"s":{"0":0,"1":0,"2":4},"f":{"0":0},"b":{},"_coverageSchema":"43e27e138ebf9cfc5966b082cf9a028302ed4184","hash":"bc5e76a2e0d950aed06609d76eaa265235a4b068"}
,"/home/luisffg/Projetos/sd-012-project-recipes-app/src/components/SearchBar.jsx": {"path":"/home/luisffg/Projetos/sd-012-project-recipes-app/src/components/SearchBar.jsx","statementMap":{"0":{"start":{"line":15,"column":34},"end":{"line":15,"column":56}},"1":{"start":{"line":17,"column":36},"end":{"line":17,"column":48}},"2":{"start":{"line":18,"column":38},"end":{"line":18,"column":50}},"3":{"start":{"line":19,"column":28},"end":{"line":19,"column":49}},"4":{"start":{"line":20,"column":21},"end":{"line":20,"column":23}},"5":{"start":{"line":22,"column":19},"end":{"line":42,"column":3}},"6":{"start":{"line":23,"column":19},"end":{"line":23,"column":21}},"7":{"start":{"line":24,"column":4},"end":{"line":27,"column":5}},"8":{"start":{"line":26,"column":6},"end":{"line":26,"column":61}},"9":{"start":{"line":28,"column":4},"end":{"line":30,"column":5}},"10":{"start":{"line":29,"column":6},"end":{"line":29,"column":57}},"11":{"start":{"line":31,"column":4},"end":{"line":33,"column":5}},"12":{"start":{"line":32,"column":6},"end":{"line":32,"column":51}},"13":{"start":{"line":34,"column":4},"end":{"line":36,"column":5}},"14":{"start":{"line":35,"column":6},"end":{"line":35,"column":58}},"15":{"start":{"line":37,"column":4},"end":{"line":39,"column":5}},"16":{"start":{"line":38,"column":6},"end":{"line":38,"column":53}},"17":{"start":{"line":41,"column":4},"end":{"line":41,"column":78}},"18":{"start":{"line":44,"column":20},"end":{"line":64,"column":3}},"19":{"start":{"line":45,"column":19},"end":{"line":45,"column":21}},"20":{"start":{"line":46,"column":4},"end":{"line":49,"column":5}},"21":{"start":{"line":48,"column":6},"end":{"line":48,"column":61}},"22":{"start":{"line":50,"column":4},"end":{"line":52,"column":5}},"23":{"start":{"line":51,"column":6},"end":{"line":51,"column":58}},"24":{"start":{"line":53,"column":4},"end":{"line":55,"column":5}},"25":{"start":{"line":54,"column":6},"end":{"line":54,"column":52}},"26":{"start":{"line":56,"column":4},"end":{"line":58,"column":5}},"27":{"start":{"line":57,"column":6},"end":{"line":57,"column":59}},"28":{"start":{"line":59,"column":4},"end":{"line":61,"column":5}},"29":{"start":{"line":60,"column":6},"end":{"line":60,"column":54}},"30":{"start":{"line":63,"column":4},"end":{"line":63,"column":78}},"31":{"start":{"line":66,"column":32},"end":{"line":70,"column":3}},"32":{"start":{"line":68,"column":22},"end":{"line":68,"column":34}},"33":{"start":{"line":69,"column":4},"end":{"line":69,"column":24}},"34":{"start":{"line":72,"column":33},"end":{"line":76,"column":3}},"35":{"start":{"line":74,"column":19},"end":{"line":74,"column":31}},"36":{"start":{"line":75,"column":4},"end":{"line":75,"column":22}},"37":{"start":{"line":78,"column":28},"end":{"line":84,"column":3}},"38":{"start":{"line":79,"column":4},"end":{"line":83,"column":5}},"39":{"start":{"line":80,"column":6},"end":{"line":80,"column":17}},"40":{"start":{"line":82,"column":6},"end":{"line":82,"column":18}},"41":{"start":{"line":86,"column":2},"end":{"line":136,"column":4}},"42":{"start":{"line":139,"column":0},"end":{"line":141,"column":2}}},"fnMap":{"0":{"name":"SearchBar","decl":{"start":{"line":14,"column":9},"end":{"line":14,"column":18}},"loc":{"start":{"line":14,"column":33},"end":{"line":137,"column":1}},"line":14},"1":{"name":"(anonymous_1)","decl":{"start":{"line":22,"column":19},"end":{"line":22,"column":20}},"loc":{"start":{"line":22,"column":31},"end":{"line":42,"column":3}},"line":22},"2":{"name":"(anonymous_2)","decl":{"start":{"line":44,"column":20},"end":{"line":44,"column":21}},"loc":{"start":{"line":44,"column":32},"end":{"line":64,"column":3}},"line":44},"3":{"name":"(anonymous_3)","decl":{"start":{"line":66,"column":32},"end":{"line":66,"column":33}},"loc":{"start":{"line":66,"column":43},"end":{"line":70,"column":3}},"line":66},"4":{"name":"(anonymous_4)","decl":{"start":{"line":72,"column":33},"end":{"line":72,"column":34}},"loc":{"start":{"line":72,"column":44},"end":{"line":76,"column":3}},"line":72},"5":{"name":"(anonymous_5)","decl":{"start":{"line":78,"column":28},"end":{"line":78,"column":29}},"loc":{"start":{"line":78,"column":34},"end":{"line":84,"column":3}},"line":78}},"branchMap":{"0":{"loc":{"start":{"line":24,"column":4},"end":{"line":27,"column":5}},"type":"if","locations":[{"start":{"line":24,"column":4},"end":{"line":27,"column":5}},{"start":{"line":24,"column":4},"end":{"line":27,"column":5}}],"line":24},"1":{"loc":{"start":{"line":24,"column":8},"end":{"line":24,"column":64}},"type":"binary-expr","locations":[{"start":{"line":24,"column":8},"end":{"line":24,"column":40}},{"start":{"line":24,"column":44},"end":{"line":24,"column":64}}],"line":24},"2":{"loc":{"start":{"line":28,"column":4},"end":{"line":30,"column":5}},"type":"if","locations":[{"start":{"line":28,"column":4},"end":{"line":30,"column":5}},{"start":{"line":28,"column":4},"end":{"line":30,"column":5}}],"line":28},"3":{"loc":{"start":{"line":31,"column":4},"end":{"line":33,"column":5}},"type":"if","locations":[{"start":{"line":31,"column":4},"end":{"line":33,"column":5}},{"start":{"line":31,"column":4},"end":{"line":33,"column":5}}],"line":31},"4":{"loc":{"start":{"line":34,"column":4},"end":{"line":36,"column":5}},"type":"if","locations":[{"start":{"line":34,"column":4},"end":{"line":36,"column":5}},{"start":{"line":34,"column":4},"end":{"line":36,"column":5}}],"line":34},"5":{"loc":{"start":{"line":37,"column":4},"end":{"line":39,"column":5}},"type":"if","locations":[{"start":{"line":37,"column":4},"end":{"line":39,"column":5}},{"start":{"line":37,"column":4},"end":{"line":39,"column":5}}],"line":37},"6":{"loc":{"start":{"line":37,"column":8},"end":{"line":37,"column":46}},"type":"binary-expr","locations":[{"start":{"line":37,"column":8},"end":{"line":37,"column":25}},{"start":{"line":37,"column":29},"end":{"line":37,"column":46}}],"line":37},"7":{"loc":{"start":{"line":46,"column":4},"end":{"line":49,"column":5}},"type":"if","locations":[{"start":{"line":46,"column":4},"end":{"line":49,"column":5}},{"start":{"line":46,"column":4},"end":{"line":49,"column":5}}],"line":46},"8":{"loc":{"start":{"line":46,"column":8},"end":{"line":46,"column":64}},"type":"binary-expr","locations":[{"start":{"line":46,"column":8},"end":{"line":46,"column":40}},{"start":{"line":46,"column":44},"end":{"line":46,"column":64}}],"line":46},"9":{"loc":{"start":{"line":50,"column":4},"end":{"line":52,"column":5}},"type":"if","locations":[{"start":{"line":50,"column":4},"end":{"line":52,"column":5}},{"start":{"line":50,"column":4},"end":{"line":52,"column":5}}],"line":50},"10":{"loc":{"start":{"line":53,"column":4},"end":{"line":55,"column":5}},"type":"if","locations":[{"start":{"line":53,"column":4},"end":{"line":55,"column":5}},{"start":{"line":53,"column":4},"end":{"line":55,"column":5}}],"line":53},"11":{"loc":{"start":{"line":56,"column":4},"end":{"line":58,"column":5}},"type":"if","locations":[{"start":{"line":56,"column":4},"end":{"line":58,"column":5}},{"start":{"line":56,"column":4},"end":{"line":58,"column":5}}],"line":56},"12":{"loc":{"start":{"line":59,"column":4},"end":{"line":61,"column":5}},"type":"if","locations":[{"start":{"line":59,"column":4},"end":{"line":61,"column":5}},{"start":{"line":59,"column":4},"end":{"line":61,"column":5}}],"line":59},"13":{"loc":{"start":{"line":59,"column":8},"end":{"line":59,"column":46}},"type":"binary-expr","locations":[{"start":{"line":59,"column":8},"end":{"line":59,"column":25}},{"start":{"line":59,"column":29},"end":{"line":59,"column":46}}],"line":59},"14":{"loc":{"start":{"line":79,"column":4},"end":{"line":83,"column":5}},"type":"if","locations":[{"start":{"line":79,"column":4},"end":{"line":83,"column":5}},{"start":{"line":79,"column":4},"end":{"line":83,"column":5}}],"line":79}},"s":{"0":3,"1":3,"2":3,"3":3,"4":3,"5":3,"6":0,"7":0,"8":0,"9":0,"10":0,"11":0,"12":0,"13":0,"14":0,"15":0,"16":0,"17":0,"18":3,"19":0,"20":0,"21":0,"22":0,"23":0,"24":0,"25":0,"26":0,"27":0,"28":0,"29":0,"30":0,"31":3,"32":0,"33":0,"34":3,"35":0,"36":0,"37":3,"38":0,"39":0,"40":0,"41":3,"42":4},"f":{"0":3,"1":0,"2":0,"3":0,"4":0,"5":0},"b":{"0":[0,0],"1":[0,0],"2":[0,0],"3":[0,0],"4":[0,0],"5":[0,0],"6":[0,0],"7":[0,0],"8":[0,0],"9":[0,0],"10":[0,0],"11":[0,0],"12":[0,0],"13":[0,0],"14":[0,0]},"_coverageSchema":"43e27e138ebf9cfc5966b082cf9a028302ed4184","hash":"4f67f2eb72a442421f60c5d4d50db53a33076218"}
,"/home/luisffg/Projetos/sd-012-project-recipes-app/src/context/AppContext.jsx": {"path":"/home/luisffg/Projetos/sd-012-project-recipes-app/src/context/AppContext.jsx","statementMap":{"0":{"start":{"line":3,"column":19},"end":{"line":3,"column":34}}},"fnMap":{},"branchMap":{},"s":{"0":4},"f":{},"b":{},"_coverageSchema":"43e27e138ebf9cfc5966b082cf9a028302ed4184","hash":"2bda3e1bec47564d77c5e7a4534407a68111c167"}
,"/home/luisffg/Projetos/sd-012-project-recipes-app/src/context/AppProvider.jsx": {"path":"/home/luisffg/Projetos/sd-012-project-recipes-app/src/context/AppProvider.jsx","statementMap":{"0":{"start":{"line":6,"column":26},"end":{"line":6,"column":36}},"1":{"start":{"line":7,"column":30},"end":{"line":7,"column":42}},"2":{"start":{"line":8,"column":28},"end":{"line":8,"column":40}},"3":{"start":{"line":10,"column":23},"end":{"line":17,"column":3}},"4":{"start":{"line":19,"column":2},"end":{"line":23,"column":4}},"5":{"start":{"line":26,"column":0},"end":{"line":28,"column":2}}},"fnMap":{"0":{"name":"AppProvider","decl":{"start":{"line":5,"column":9},"end":{"line":5,"column":20}},"loc":{"start":{"line":5,"column":35},"end":{"line":24,"column":1}},"line":5}},"branchMap":{},"s":{"0":42,"1":42,"2":42,"3":42,"4":42,"5":4},"f":{"0":42},"b":{},"_coverageSchema":"43e27e138ebf9cfc5966b082cf9a028302ed4184","hash":"71a57c89ad40dff979d62f093855a826aa95ff6c"}
,"/home/luisffg/Projetos/sd-012-project-recipes-app/src/helpers/InitialValues.js": {"path":"/home/luisffg/Projetos/sd-012-project-recipes-app/src/helpers/InitialValues.js","statementMap":{"0":{"start":{"line":1,"column":20},"end":{"line":22,"column":1}}},"fnMap":{},"branchMap":{},"s":{"0":4},"f":{},"b":{},"_coverageSchema":"43e27e138ebf9cfc5966b082cf9a028302ed4184","hash":"0fc1a020db1c3e4d28c7b8a48e17029d1f21d527"}
,"/home/luisffg/Projetos/sd-012-project-recipes-app/src/helpers/renderWithRouter.js": {"path":"/home/luisffg/Projetos/sd-012-project-recipes-app/src/helpers/renderWithRouter.js","statementMap":{"0":{"start":{"line":6,"column":25},"end":{"line":11,"column":1}},"1":{"start":{"line":7,"column":18},"end":{"line":7,"column":39}},"2":{"start":{"line":8,"column":2},"end":{"line":10,"column":5}}},"fnMap":{"0":{"name":"(anonymous_0)","decl":{"start":{"line":6,"column":25},"end":{"line":6,"column":26}},"loc":{"start":{"line":6,"column":40},"end":{"line":11,"column":1}},"line":6}},"branchMap":{},"s":{"0":5,"1":46,"2":46},"f":{"0":46},"b":{},"_coverageSchema":"43e27e138ebf9cfc5966b082cf9a028302ed4184","hash":"aa0ba52cfc8b2fd00864d3f3d41bc4c54a7b5b5d"}
,"/home/luisffg/Projetos/sd-012-project-recipes-app/src/pages/DoneRecipes.jsx": {"path":"/home/luisffg/Projetos/sd-012-project-recipes-app/src/pages/DoneRecipes.jsx","statementMap":{"0":{"start":{"line":16,"column":18},"end":{"line":24,"column":3}},"1":{"start":{"line":16,"column":36},"end":{"line":24,"column":1}},"2":{"start":{"line":27,"column":18},"end":{"line":27,"column":29}},"3":{"start":{"line":28,"column":40},"end":{"line":28,"column":52}},"4":{"start":{"line":29,"column":40},"end":{"line":29,"column":52}},"5":{"start":{"line":30,"column":34},"end":{"line":30,"column":49}},"6":{"start":{"line":32,"column":2},"end":{"line":35,"column":9}},"7":{"start":{"line":33,"column":4},"end":{"line":33,"column":68}},"8":{"start":{"line":34,"column":4},"end":{"line":34,"column":68}},"9":{"start":{"line":37,"column":25},"end":{"line":39,"column":3}},"10":{"start":{"line":38,"column":4},"end":{"line":38,"column":32}},"11":{"start":{"line":41,"column":26},"end":{"line":43,"column":3}},"12":{"start":{"line":42,"column":4},"end":{"line":42,"column":77}},"13":{"start":{"line":42,"column":50},"end":{"line":42,"column":74}},"14":{"start":{"line":45,"column":27},"end":{"line":47,"column":3}},"15":{"start":{"line":46,"column":4},"end":{"line":46,"column":77}},"16":{"start":{"line":46,"column":50},"end":{"line":46,"column":74}},"17":{"start":{"line":49,"column":22},"end":{"line":55,"column":3}},"18":{"start":{"line":50,"column":23},"end":{"line":50,"column":26}},"19":{"start":{"line":51,"column":20},"end":{"line":51,"column":61}},"20":{"start":{"line":52,"column":21},"end":{"line":52,"column":48}},"21":{"start":{"line":53,"column":4},"end":{"line":53,"column":19}},"22":{"start":{"line":54,"column":4},"end":{"line":54,"column":22}},"23":{"start":{"line":57,"column":30},"end":{"line":84,"column":3}},"24":{"start":{"line":58,"column":4},"end":{"line":83,"column":10}},"25":{"start":{"line":86,"column":26},"end":{"line":151,"column":3}},"26":{"start":{"line":87,"column":4},"end":{"line":150,"column":10}},"27":{"start":{"line":90,"column":10},"end":{"line":147,"column":15}},"28":{"start":{"line":124,"column":18},"end":{"line":130,"column":20}},"29":{"start":{"line":136,"column":36},"end":{"line":136,"column":72}},"30":{"start":{"line":153,"column":2},"end":{"line":159,"column":4}}},"fnMap":{"0":{"name":"(anonymous_0)","decl":{"start":{"line":16,"column":29},"end":{"line":16,"column":30}},"loc":{"start":{"line":16,"column":36},"end":{"line":24,"column":1}},"line":16},"1":{"name":"DoneRecipes","decl":{"start":{"line":26,"column":9},"end":{"line":26,"column":20}},"loc":{"start":{"line":26,"column":23},"end":{"line":160,"column":1}},"line":26},"2":{"name":"(anonymous_2)","decl":{"start":{"line":32,"column":12},"end":{"line":32,"column":13}},"loc":{"start":{"line":32,"column":18},"end":{"line":35,"column":3}},"line":32},"3":{"name":"(anonymous_3)","decl":{"start":{"line":37,"column":25},"end":{"line":37,"column":26}},"loc":{"start":{"line":37,"column":31},"end":{"line":39,"column":3}},"line":37},"4":{"name":"(anonymous_4)","decl":{"start":{"line":41,"column":26},"end":{"line":41,"column":27}},"loc":{"start":{"line":41,"column":32},"end":{"line":43,"column":3}},"line":41},"5":{"name":"(anonymous_5)","decl":{"start":{"line":42,"column":38},"end":{"line":42,"column":39}},"loc":{"start":{"line":42,"column":50},"end":{"line":42,"column":74}},"line":42},"6":{"name":"(anonymous_6)","decl":{"start":{"line":45,"column":27},"end":{"line":45,"column":28}},"loc":{"start":{"line":45,"column":33},"end":{"line":47,"column":3}},"line":45},"7":{"name":"(anonymous_7)","decl":{"start":{"line":46,"column":38},"end":{"line":46,"column":39}},"loc":{"start":{"line":46,"column":50},"end":{"line":46,"column":74}},"line":46},"8":{"name":"(anonymous_8)","decl":{"start":{"line":49,"column":22},"end":{"line":49,"column":23}},"loc":{"start":{"line":49,"column":36},"end":{"line":55,"column":3}},"line":49},"9":{"name":"(anonymous_9)","decl":{"start":{"line":57,"column":30},"end":{"line":57,"column":31}},"loc":{"start":{"line":58,"column":4},"end":{"line":83,"column":10}},"line":58},"10":{"name":"(anonymous_10)","decl":{"start":{"line":86,"column":26},"end":{"line":86,"column":27}},"loc":{"start":{"line":87,"column":4},"end":{"line":150,"column":10}},"line":87},"11":{"name":"(anonymous_11)","decl":{"start":{"line":89,"column":25},"end":{"line":89,"column":26}},"loc":{"start":{"line":90,"column":10},"end":{"line":147,"column":15}},"line":90},"12":{"name":"(anonymous_12)","decl":{"start":{"line":123,"column":33},"end":{"line":123,"column":34}},"loc":{"start":{"line":124,"column":18},"end":{"line":130,"column":20}},"line":124},"13":{"name":"(anonymous_13)","decl":{"start":{"line":136,"column":28},"end":{"line":136,"column":29}},"loc":{"start":{"line":136,"column":34},"end":{"line":136,"column":74}},"line":136}},"branchMap":{"0":{"loc":{"start":{"line":111,"column":23},"end":{"line":111,"column":72}},"type":"cond-expr","locations":[{"start":{"line":111,"column":37},"end":{"line":111,"column":48}},{"start":{"line":111,"column":51},"end":{"line":111,"column":72}}],"line":111},"1":{"loc":{"start":{"line":144,"column":17},"end":{"line":144,"column":78}},"type":"binary-expr","locations":[{"start":{"line":144,"column":17},"end":{"line":144,"column":25}},{"start":{"line":144,"column":29},"end":{"line":144,"column":78}}],"line":144},"2":{"loc":{"start":{"line":157,"column":7},"end":{"line":157,"column":39}},"type":"binary-expr","locations":[{"start":{"line":157,"column":7},"end":{"line":157,"column":18}},{"start":{"line":157,"column":22},"end":{"line":157,"column":39}}],"line":157}},"s":{"0":4,"1":3,"2":6,"3":6,"4":6,"5":6,"6":6,"7":3,"8":3,"9":6,"10":0,"11":6,"12":0,"13":0,"14":6,"15":0,"16":0,"17":6,"18":0,"19":0,"20":0,"21":0,"22":0,"23":6,"24":6,"25":6,"26":3,"27":0,"28":0,"29":0,"30":6},"f":{"0":3,"1":6,"2":3,"3":0,"4":0,"5":0,"6":0,"7":0,"8":0,"9":6,"10":3,"11":0,"12":0,"13":0},"b":{"0":[0,0],"1":[0,0],"2":[6,3]},"_coverageSchema":"43e27e138ebf9cfc5966b082cf9a028302ed4184","hash":"e484d4de350f880c63d1e30aec677fcc5ccfc09a"}
,"/home/luisffg/Projetos/sd-012-project-recipes-app/src/pages/DrinkDetails.jsx": {"path":"/home/luisffg/Projetos/sd-012-project-recipes-app/src/pages/DrinkDetails.jsx","statementMap":{"0":{"start":{"line":13,"column":28},"end":{"line":13,"column":40}},"1":{"start":{"line":14,"column":46},"end":{"line":14,"column":58}},"2":{"start":{"line":15,"column":82},"end":{"line":15,"column":87}},"3":{"start":{"line":16,"column":46},"end":{"line":16,"column":58}},"4":{"start":{"line":17,"column":19},"end":{"line":17,"column":32}},"5":{"start":{"line":18,"column":28},"end":{"line":18,"column":43}},"6":{"start":{"line":19,"column":32},"end":{"line":19,"column":80}},"7":{"start":{"line":20,"column":18},"end":{"line":23,"column":3}},"8":{"start":{"line":25,"column":19},"end":{"line":27,"column":3}},"9":{"start":{"line":28,"column":38},"end":{"line":28,"column":53}},"10":{"start":{"line":29,"column":46},"end":{"line":29,"column":73}},"11":{"start":{"line":30,"column":34},"end":{"line":30,"column":49}},"12":{"start":{"line":31,"column":42},"end":{"line":31,"column":58}},"13":{"start":{"line":33,"column":30},"end":{"line":38,"column":3}},"14":{"start":{"line":34,"column":35},"end":{"line":34,"column":90}},"15":{"start":{"line":35,"column":20},"end":{"line":35,"column":55}},"16":{"start":{"line":36,"column":21},"end":{"line":36,"column":41}},"17":{"start":{"line":37,"column":4},"end":{"line":37,"column":38}},"18":{"start":{"line":40,"column":31},"end":{"line":59,"column":3}},"19":{"start":{"line":41,"column":17},"end":{"line":41,"column":18}},"20":{"start":{"line":42,"column":28},"end":{"line":42,"column":57}},"21":{"start":{"line":43,"column":4},"end":{"line":58,"column":5}},"22":{"start":{"line":44,"column":6},"end":{"line":57,"column":8}},"23":{"start":{"line":47,"column":12},"end":{"line":54,"column":14}},"24":{"start":{"line":61,"column":2},"end":{"line":71,"column":11}},"25":{"start":{"line":62,"column":27},"end":{"line":67,"column":5}},"26":{"start":{"line":63,"column":32},"end":{"line":63,"column":96}},"27":{"start":{"line":64,"column":22},"end":{"line":64,"column":52}},"28":{"start":{"line":65,"column":23},"end":{"line":65,"column":43}},"29":{"start":{"line":66,"column":6},"end":{"line":66,"column":35}},"30":{"start":{"line":68,"column":4},"end":{"line":68,"column":21}},"31":{"start":{"line":69,"column":4},"end":{"line":69,"column":26}},"32":{"start":{"line":70,"column":4},"end":{"line":70,"column":55}},"33":{"start":{"line":73,"column":2},"end":{"line":87,"column":14}},"34":{"start":{"line":74,"column":29},"end":{"line":74,"column":31}},"35":{"start":{"line":75,"column":27},"end":{"line":75,"column":29}},"36":{"start":{"line":76,"column":4},"end":{"line":85,"column":5}},"37":{"start":{"line":76,"column":21},"end":{"line":76,"column":22}},"38":{"start":{"line":77,"column":25},"end":{"line":77,"column":55}},"39":{"start":{"line":78,"column":22},"end":{"line":78,"column":49}},"40":{"start":{"line":79,"column":6},"end":{"line":84,"column":7}},"41":{"start":{"line":80,"column":8},"end":{"line":83,"column":11}},"42":{"start":{"line":86,"column":4},"end":{"line":86,"column":40}},"43":{"start":{"line":89,"column":2},"end":{"line":95,"column":17}},"44":{"start":{"line":90,"column":4},"end":{"line":94,"column":5}},"45":{"start":{"line":91,"column":6},"end":{"line":91,"column":30}},"46":{"start":{"line":93,"column":6},"end":{"line":93,"column":30}},"47":{"start":{"line":97,"column":2},"end":{"line":114,"column":15}},"48":{"start":{"line":98,"column":24},"end":{"line":98,"column":71}},"49":{"start":{"line":99,"column":4},"end":{"line":101,"column":5}},"50":{"start":{"line":99,"column":52},"end":{"line":99,"column":68}},"51":{"start":{"line":100,"column":6},"end":{"line":100,"column":26}},"52":{"start":{"line":102,"column":30},"end":{"line":102,"column":83}},"53":{"start":{"line":103,"column":4},"end":{"line":105,"column":5}},"54":{"start":{"line":104,"column":6},"end":{"line":104,"column":45}},"55":{"start":{"line":106,"column":28},"end":{"line":106,"column":79}},"56":{"start":{"line":107,"column":4},"end":{"line":112,"column":5}},"57":{"start":{"line":108,"column":25},"end":{"line":108,"column":69}},"58":{"start":{"line":108,"column":55},"end":{"line":108,"column":68}},"59":{"start":{"line":109,"column":6},"end":{"line":111,"column":7}},"60":{"start":{"line":110,"column":8},"end":{"line":110,"column":26}},"61":{"start":{"line":116,"column":30},"end":{"line":136,"column":3}},"62":{"start":{"line":117,"column":27},"end":{"line":125,"column":6}},"63":{"start":{"line":126,"column":28},"end":{"line":126,"column":79}},"64":{"start":{"line":127,"column":4},"end":{"line":135,"column":5}},"65":{"start":{"line":128,"column":6},"end":{"line":128,"column":78}},"66":{"start":{"line":130,"column":29},"end":{"line":133,"column":7}},"67":{"start":{"line":134,"column":6},"end":{"line":134,"column":78}},"68":{"start":{"line":138,"column":32},"end":{"line":146,"column":3}},"69":{"start":{"line":139,"column":28},"end":{"line":139,"column":79}},"70":{"start":{"line":140,"column":27},"end":{"line":140,"column":73}},"71":{"start":{"line":140,"column":59},"end":{"line":140,"column":72}},"72":{"start":{"line":141,"column":4},"end":{"line":145,"column":5}},"73":{"start":{"line":142,"column":6},"end":{"line":142,"column":49}},"74":{"start":{"line":144,"column":6},"end":{"line":144,"column":78}},"75":{"start":{"line":148,"column":25},"end":{"line":155,"column":3}},"76":{"start":{"line":149,"column":4},"end":{"line":153,"column":5}},"77":{"start":{"line":150,"column":6},"end":{"line":150,"column":30}},"78":{"start":{"line":152,"column":6},"end":{"line":152,"column":28}},"79":{"start":{"line":154,"column":4},"end":{"line":154,"column":27}},"80":{"start":{"line":157,"column":2},"end":{"line":220,"column":4}},"81":{"start":{"line":172,"column":12},"end":{"line":172,"column":62}},"82":{"start":{"line":173,"column":12},"end":{"line":173,"column":27}},"83":{"start":{"line":196,"column":12},"end":{"line":201,"column":17}},"84":{"start":{"line":223,"column":0},"end":{"line":229,"column":2}}},"fnMap":{"0":{"name":"DrinkDetails","decl":{"start":{"line":12,"column":9},"end":{"line":12,"column":21}},"loc":{"start":{"line":12,"column":53},"end":{"line":221,"column":1}},"line":12},"1":{"name":"(anonymous_1)","decl":{"start":{"line":33,"column":30},"end":{"line":33,"column":31}},"loc":{"start":{"line":33,"column":42},"end":{"line":38,"column":3}},"line":33},"2":{"name":"(anonymous_2)","decl":{"start":{"line":40,"column":31},"end":{"line":40,"column":32}},"loc":{"start":{"line":40,"column":37},"end":{"line":59,"column":3}},"line":40},"3":{"name":"(anonymous_3)","decl":{"start":{"line":46,"column":31},"end":{"line":46,"column":32}},"loc":{"start":{"line":47,"column":12},"end":{"line":54,"column":14}},"line":47},"4":{"name":"(anonymous_4)","decl":{"start":{"line":61,"column":12},"end":{"line":61,"column":13}},"loc":{"start":{"line":61,"column":18},"end":{"line":71,"column":3}},"line":61},"5":{"name":"(anonymous_5)","decl":{"start":{"line":62,"column":27},"end":{"line":62,"column":28}},"loc":{"start":{"line":62,"column":39},"end":{"line":67,"column":5}},"line":62},"6":{"name":"(anonymous_6)","decl":{"start":{"line":73,"column":12},"end":{"line":73,"column":13}},"loc":{"start":{"line":73,"column":18},"end":{"line":87,"column":3}},"line":73},"7":{"name":"(anonymous_7)","decl":{"start":{"line":89,"column":12},"end":{"line":89,"column":13}},"loc":{"start":{"line":89,"column":18},"end":{"line":95,"column":3}},"line":89},"8":{"name":"(anonymous_8)","decl":{"start":{"line":97,"column":12},"end":{"line":97,"column":13}},"loc":{"start":{"line":97,"column":18},"end":{"line":113,"column":3}},"line":97},"9":{"name":"(anonymous_9)","decl":{"start":{"line":99,"column":40},"end":{"line":99,"column":41}},"loc":{"start":{"line":99,"column":52},"end":{"line":99,"column":68}},"line":99},"10":{"name":"(anonymous_10)","decl":{"start":{"line":108,"column":46},"end":{"line":108,"column":47}},"loc":{"start":{"line":108,"column":55},"end":{"line":108,"column":68}},"line":108},"11":{"name":"(anonymous_11)","decl":{"start":{"line":116,"column":30},"end":{"line":116,"column":31}},"loc":{"start":{"line":116,"column":36},"end":{"line":136,"column":3}},"line":116},"12":{"name":"(anonymous_12)","decl":{"start":{"line":138,"column":32},"end":{"line":138,"column":33}},"loc":{"start":{"line":138,"column":38},"end":{"line":146,"column":3}},"line":138},"13":{"name":"(anonymous_13)","decl":{"start":{"line":140,"column":50},"end":{"line":140,"column":51}},"loc":{"start":{"line":140,"column":59},"end":{"line":140,"column":72}},"line":140},"14":{"name":"(anonymous_14)","decl":{"start":{"line":148,"column":25},"end":{"line":148,"column":26}},"loc":{"start":{"line":148,"column":31},"end":{"line":155,"column":3}},"line":148},"15":{"name":"(anonymous_15)","decl":{"start":{"line":171,"column":20},"end":{"line":171,"column":21}},"loc":{"start":{"line":171,"column":26},"end":{"line":174,"column":11}},"line":171},"16":{"name":"(anonymous_16)","decl":{"start":{"line":195,"column":30},"end":{"line":195,"column":31}},"loc":{"start":{"line":196,"column":12},"end":{"line":201,"column":17}},"line":196}},"branchMap":{"0":{"loc":{"start":{"line":43,"column":4},"end":{"line":58,"column":5}},"type":"if","locations":[{"start":{"line":43,"column":4},"end":{"line":58,"column":5}},{"start":{"line":43,"column":4},"end":{"line":58,"column":5}}],"line":43},"1":{"loc":{"start":{"line":79,"column":6},"end":{"line":84,"column":7}},"type":"if","locations":[{"start":{"line":79,"column":6},"end":{"line":84,"column":7}},{"start":{"line":79,"column":6},"end":{"line":84,"column":7}}],"line":79},"2":{"loc":{"start":{"line":90,"column":4},"end":{"line":94,"column":5}},"type":"if","locations":[{"start":{"line":90,"column":4},"end":{"line":94,"column":5}},{"start":{"line":90,"column":4},"end":{"line":94,"column":5}}],"line":90},"3":{"loc":{"start":{"line":99,"column":4},"end":{"line":101,"column":5}},"type":"if","locations":[{"start":{"line":99,"column":4},"end":{"line":101,"column":5}},{"start":{"line":99,"column":4},"end":{"line":101,"column":5}}],"line":99},"4":{"loc":{"start":{"line":99,"column":8},"end":{"line":99,"column":69}},"type":"binary-expr","locations":[{"start":{"line":99,"column":8},"end":{"line":99,"column":19}},{"start":{"line":99,"column":23},"end":{"line":99,"column":69}}],"line":99},"5":{"loc":{"start":{"line":103,"column":4},"end":{"line":105,"column":5}},"type":"if","locations":[{"start":{"line":103,"column":4},"end":{"line":105,"column":5}},{"start":{"line":103,"column":4},"end":{"line":105,"column":5}}],"line":103},"6":{"loc":{"start":{"line":103,"column":8},"end":{"line":103,"column":60}},"type":"binary-expr","locations":[{"start":{"line":103,"column":8},"end":{"line":103,"column":25}},{"start":{"line":103,"column":29},"end":{"line":103,"column":60}}],"line":103},"7":{"loc":{"start":{"line":107,"column":4},"end":{"line":112,"column":5}},"type":"if","locations":[{"start":{"line":107,"column":4},"end":{"line":112,"column":5}},{"start":{"line":107,"column":4},"end":{"line":112,"column":5}}],"line":107},"8":{"loc":{"start":{"line":109,"column":6},"end":{"line":111,"column":7}},"type":"if","locations":[{"start":{"line":109,"column":6},"end":{"line":111,"column":7}},{"start":{"line":109,"column":6},"end":{"line":111,"column":7}}],"line":109},"9":{"loc":{"start":{"line":127,"column":4},"end":{"line":135,"column":5}},"type":"if","locations":[{"start":{"line":127,"column":4},"end":{"line":135,"column":5}},{"start":{"line":127,"column":4},"end":{"line":135,"column":5}}],"line":127},"10":{"loc":{"start":{"line":141,"column":4},"end":{"line":145,"column":5}},"type":"if","locations":[{"start":{"line":141,"column":4},"end":{"line":145,"column":5}},{"start":{"line":141,"column":4},"end":{"line":145,"column":5}}],"line":141},"11":{"loc":{"start":{"line":149,"column":4},"end":{"line":153,"column":5}},"type":"if","locations":[{"start":{"line":149,"column":4},"end":{"line":153,"column":5}},{"start":{"line":149,"column":4},"end":{"line":153,"column":5}}],"line":149},"12":{"loc":{"start":{"line":183,"column":10},"end":{"line":183,"column":39}},"type":"binary-expr","locations":[{"start":{"line":183,"column":10},"end":{"line":183,"column":15}},{"start":{"line":183,"column":19},"end":{"line":183,"column":39}}],"line":183}},"s":{"0":0,"1":0,"2":0,"3":0,"4":0,"5":0,"6":0,"7":0,"8":0,"9":0,"10":0,"11":0,"12":0,"13":0,"14":0,"15":0,"16":0,"17":0,"18":0,"19":0,"20":0,"21":0,"22":0,"23":0,"24":0,"25":0,"26":0,"27":0,"28":0,"29":0,"30":0,"31":0,"32":0,"33":0,"34":0,"35":0,"36":0,"37":0,"38":0,"39":0,"40":0,"41":0,"42":0,"43":0,"44":0,"45":0,"46":0,"47":0,"48":0,"49":0,"50":0,"51":0,"52":0,"53":0,"54":0,"55":0,"56":0,"57":0,"58":0,"59":0,"60":0,"61":0,"62":0,"63":0,"64":0,"65":0,"66":0,"67":0,"68":0,"69":0,"70":0,"71":0,"72":0,"73":0,"74":0,"75":0,"76":0,"77":0,"78":0,"79":0,"80":0,"81":0,"82":0,"83":0,"84":4},"f":{"0":0,"1":0,"2":0,"3":0,"4":0,"5":0,"6":0,"7":0,"8":0,"9":0,"10":0,"11":0,"12":0,"13":0,"14":0,"15":0,"16":0},"b":{"0":[0,0],"1":[0,0],"2":[0,0],"3":[0,0],"4":[0,0],"5":[0,0],"6":[0,0],"7":[0,0],"8":[0,0],"9":[0,0],"10":[0,0],"11":[0,0],"12":[0,0]},"_coverageSchema":"43e27e138ebf9cfc5966b082cf9a028302ed4184","hash":"ac28a4bc22872f8dfd0454fabdd98e1a3ca613ed"}
,"/home/luisffg/Projetos/sd-012-project-recipes-app/src/pages/DrinkIngredients.jsx": {"path":"/home/luisffg/Projetos/sd-012-project-recipes-app/src/pages/DrinkIngredients.jsx","statementMap":{"0":{"start":{"line":6,"column":2},"end":{"line":11,"column":4}}},"fnMap":{"0":{"name":"DrinksIngredients","decl":{"start":{"line":5,"column":9},"end":{"line":5,"column":26}},"loc":{"start":{"line":5,"column":29},"end":{"line":12,"column":1}},"line":5}},"branchMap":{},"s":{"0":3},"f":{"0":3},"b":{},"_coverageSchema":"43e27e138ebf9cfc5966b082cf9a028302ed4184","hash":"0db31090017cf021335d28a1c98715748dca4e2c"}
,"/home/luisffg/Projetos/sd-012-project-recipes-app/src/pages/DrinksExplore.jsx": {"path":"/home/luisffg/Projetos/sd-012-project-recipes-app/src/pages/DrinksExplore.jsx","statementMap":{"0":{"start":{"line":8,"column":38},"end":{"line":8,"column":49}},"1":{"start":{"line":10,"column":29},"end":{"line":15,"column":3}},"2":{"start":{"line":11,"column":16},"end":{"line":11,"column":72}},"3":{"start":{"line":12,"column":19},"end":{"line":12,"column":35}},"4":{"start":{"line":13,"column":23},"end":{"line":13,"column":42}},"5":{"start":{"line":14,"column":4},"end":{"line":14,"column":48}},"6":{"start":{"line":17,"column":2},"end":{"line":19,"column":9}},"7":{"start":{"line":18,"column":4},"end":{"line":18,"column":25}},"8":{"start":{"line":21,"column":2},"end":{"line":36,"column":4}}},"fnMap":{"0":{"name":"ExploreDrinks","decl":{"start":{"line":7,"column":9},"end":{"line":7,"column":22}},"loc":{"start":{"line":7,"column":25},"end":{"line":37,"column":1}},"line":7},"1":{"name":"(anonymous_1)","decl":{"start":{"line":10,"column":29},"end":{"line":10,"column":30}},"loc":{"start":{"line":10,"column":41},"end":{"line":15,"column":3}},"line":10},"2":{"name":"(anonymous_2)","decl":{"start":{"line":17,"column":12},"end":{"line":17,"column":13}},"loc":{"start":{"line":17,"column":18},"end":{"line":19,"column":3}},"line":17}},"branchMap":{},"s":{"0":3,"1":3,"2":3,"3":3,"4":0,"5":0,"6":3,"7":3,"8":3},"f":{"0":3,"1":3,"2":3},"b":{},"_coverageSchema":"43e27e138ebf9cfc5966b082cf9a028302ed4184","hash":"3b397dd5debc8cdf937ed7e808a43efca9ecf643"}
,"/home/luisffg/Projetos/sd-012-project-recipes-app/src/pages/Explore.jsx": {"path":"/home/luisffg/Projetos/sd-012-project-recipes-app/src/pages/Explore.jsx","statementMap":{"0":{"start":{"line":8,"column":2},"end":{"line":23,"column":4}}},"fnMap":{"0":{"name":"Explore","decl":{"start":{"line":7,"column":9},"end":{"line":7,"column":16}},"loc":{"start":{"line":7,"column":19},"end":{"line":24,"column":1}},"line":7}},"branchMap":{},"s":{"0":3},"f":{"0":3},"b":{},"_coverageSchema":"43e27e138ebf9cfc5966b082cf9a028302ed4184","hash":"1fedbbb2b3766a3d193cfc17bac60754aa91427f"}
,"/home/luisffg/Projetos/sd-012-project-recipes-app/src/pages/FavoriteRecipes.jsx": {"path":"/home/luisffg/Projetos/sd-012-project-recipes-app/src/pages/FavoriteRecipes.jsx","statementMap":{"0":{"start":{"line":5,"column":2},"end":{"line":7,"column":4}}},"fnMap":{"0":{"name":"FavoriteRecipes","decl":{"start":{"line":4,"column":9},"end":{"line":4,"column":24}},"loc":{"start":{"line":4,"column":27},"end":{"line":8,"column":1}},"line":4}},"branchMap":{},"s":{"0":3},"f":{"0":3},"b":{},"_coverageSchema":"43e27e138ebf9cfc5966b082cf9a028302ed4184","hash":"be1f9a44b789f630aa3276b39ad423cad3b12d12"}
,"/home/luisffg/Projetos/sd-012-project-recipes-app/src/pages/FoodByOrigin.jsx": {"path":"/home/luisffg/Projetos/sd-012-project-recipes-app/src/pages/FoodByOrigin.jsx","statementMap":{"0":{"start":{"line":6,"column":2},"end":{"line":11,"column":4}}},"fnMap":{"0":{"name":"FoodByOrigin","decl":{"start":{"line":5,"column":9},"end":{"line":5,"column":21}},"loc":{"start":{"line":5,"column":24},"end":{"line":12,"column":1}},"line":5}},"branchMap":{},"s":{"0":4},"f":{"0":4},"b":{},"_coverageSchema":"43e27e138ebf9cfc5966b082cf9a028302ed4184","hash":"75adc38c0ebda71b642f5f976287fb0b0d703bc2"}
,"/home/luisffg/Projetos/sd-012-project-recipes-app/src/pages/FoodDetails.jsx": {"path":"/home/luisffg/Projetos/sd-012-project-recipes-app/src/pages/FoodDetails.jsx","statementMap":{"0":{"start":{"line":13,"column":26},"end":{"line":13,"column":38}},"1":{"start":{"line":14,"column":48},"end":{"line":14,"column":60}},"2":{"start":{"line":22,"column":6},"end":{"line":22,"column":10}},"3":{"start":{"line":23,"column":46},"end":{"line":23,"column":58}},"4":{"start":{"line":24,"column":19},"end":{"line":24,"column":32}},"5":{"start":{"line":25,"column":28},"end":{"line":25,"column":43}},"6":{"start":{"line":26,"column":32},"end":{"line":26,"column":80}},"7":{"start":{"line":27,"column":18},"end":{"line":30,"column":3}},"8":{"start":{"line":31,"column":19},"end":{"line":33,"column":3}},"9":{"start":{"line":34,"column":38},"end":{"line":34,"column":53}},"10":{"start":{"line":35,"column":46},"end":{"line":35,"column":73}},"11":{"start":{"line":36,"column":34},"end":{"line":36,"column":49}},"12":{"start":{"line":37,"column":42},"end":{"line":37,"column":58}},"13":{"start":{"line":39,"column":31},"end":{"line":44,"column":3}},"14":{"start":{"line":40,"column":36},"end":{"line":40,"column":95}},"15":{"start":{"line":41,"column":20},"end":{"line":41,"column":56}},"16":{"start":{"line":42,"column":21},"end":{"line":42,"column":41}},"17":{"start":{"line":43,"column":4},"end":{"line":43,"column":40}},"18":{"start":{"line":46,"column":32},"end":{"line":65,"column":3}},"19":{"start":{"line":47,"column":17},"end":{"line":47,"column":18}},"20":{"start":{"line":48,"column":28},"end":{"line":48,"column":58}},"21":{"start":{"line":49,"column":4},"end":{"line":64,"column":5}},"22":{"start":{"line":50,"column":6},"end":{"line":63,"column":8}},"23":{"start":{"line":53,"column":12},"end":{"line":60,"column":14}},"24":{"start":{"line":67,"column":2},"end":{"line":77,"column":11}},"25":{"start":{"line":68,"column":26},"end":{"line":73,"column":5}},"26":{"start":{"line":69,"column":31},"end":{"line":69,"column":91}},"27":{"start":{"line":70,"column":22},"end":{"line":70,"column":51}},"28":{"start":{"line":71,"column":23},"end":{"line":71,"column":43}},"29":{"start":{"line":72,"column":6},"end":{"line":72,"column":33}},"30":{"start":{"line":74,"column":4},"end":{"line":74,"column":20}},"31":{"start":{"line":75,"column":4},"end":{"line":75,"column":27}},"32":{"start":{"line":76,"column":4},"end":{"line":76,"column":55}},"33":{"start":{"line":79,"column":2},"end":{"line":93,"column":13}},"34":{"start":{"line":80,"column":29},"end":{"line":80,"column":31}},"35":{"start":{"line":81,"column":27},"end":{"line":81,"column":29}},"36":{"start":{"line":82,"column":4},"end":{"line":91,"column":5}},"37":{"start":{"line":82,"column":21},"end":{"line":82,"column":22}},"38":{"start":{"line":83,"column":25},"end":{"line":83,"column":54}},"39":{"start":{"line":84,"column":22},"end":{"line":84,"column":48}},"40":{"start":{"line":85,"column":6},"end":{"line":90,"column":7}},"41":{"start":{"line":86,"column":8},"end":{"line":89,"column":11}},"42":{"start":{"line":92,"column":4},"end":{"line":92,"column":40}},"43":{"start":{"line":95,"column":2},"end":{"line":112,"column":14}},"44":{"start":{"line":96,"column":24},"end":{"line":96,"column":71}},"45":{"start":{"line":97,"column":4},"end":{"line":99,"column":5}},"46":{"start":{"line":97,"column":52},"end":{"line":97,"column":68}},"47":{"start":{"line":98,"column":6},"end":{"line":98,"column":26}},"48":{"start":{"line":100,"column":30},"end":{"line":100,"column":83}},"49":{"start":{"line":101,"column":4},"end":{"line":103,"column":5}},"50":{"start":{"line":102,"column":6},"end":{"line":102,"column":45}},"51":{"start":{"line":104,"column":28},"end":{"line":104,"column":79}},"52":{"start":{"line":105,"column":4},"end":{"line":110,"column":5}},"53":{"start":{"line":106,"column":25},"end":{"line":106,"column":69}},"54":{"start":{"line":106,"column":55},"end":{"line":106,"column":68}},"55":{"start":{"line":107,"column":6},"end":{"line":109,"column":7}},"56":{"start":{"line":108,"column":8},"end":{"line":108,"column":26}},"57":{"start":{"line":114,"column":30},"end":{"line":131,"column":3}},"58":{"start":{"line":115,"column":27},"end":{"line":123,"column":6}},"59":{"start":{"line":124,"column":28},"end":{"line":124,"column":79}},"60":{"start":{"line":125,"column":4},"end":{"line":130,"column":5}},"61":{"start":{"line":126,"column":6},"end":{"line":126,"column":78}},"62":{"start":{"line":128,"column":29},"end":{"line":128,"column":68}},"63":{"start":{"line":129,"column":6},"end":{"line":129,"column":78}},"64":{"start":{"line":133,"column":32},"end":{"line":141,"column":3}},"65":{"start":{"line":134,"column":28},"end":{"line":134,"column":79}},"66":{"start":{"line":135,"column":27},"end":{"line":135,"column":73}},"67":{"start":{"line":135,"column":59},"end":{"line":135,"column":72}},"68":{"start":{"line":136,"column":4},"end":{"line":140,"column":5}},"69":{"start":{"line":137,"column":6},"end":{"line":137,"column":49}},"70":{"start":{"line":139,"column":6},"end":{"line":139,"column":78}},"71":{"start":{"line":143,"column":25},"end":{"line":150,"column":3}},"72":{"start":{"line":144,"column":4},"end":{"line":148,"column":5}},"73":{"start":{"line":145,"column":6},"end":{"line":145,"column":30}},"74":{"start":{"line":147,"column":6},"end":{"line":147,"column":28}},"75":{"start":{"line":149,"column":4},"end":{"line":149,"column":27}},"76":{"start":{"line":152,"column":2},"end":{"line":158,"column":17}},"77":{"start":{"line":153,"column":4},"end":{"line":157,"column":5}},"78":{"start":{"line":154,"column":6},"end":{"line":154,"column":30}},"79":{"start":{"line":156,"column":6},"end":{"line":156,"column":30}},"80":{"start":{"line":160,"column":2},"end":{"line":227,"column":4}},"81":{"start":{"line":175,"column":12},"end":{"line":175,"column":62}},"82":{"start":{"line":176,"column":12},"end":{"line":176,"column":27}},"83":{"start":{"line":197,"column":12},"end":{"line":202,"column":17}},"84":{"start":{"line":230,"column":0},"end":{"line":236,"column":2}}},"fnMap":{"0":{"name":"FoodDetails","decl":{"start":{"line":12,"column":9},"end":{"line":12,"column":20}},"loc":{"start":{"line":12,"column":52},"end":{"line":228,"column":1}},"line":12},"1":{"name":"(anonymous_1)","decl":{"start":{"line":39,"column":31},"end":{"line":39,"column":32}},"loc":{"start":{"line":39,"column":43},"end":{"line":44,"column":3}},"line":39},"2":{"name":"(anonymous_2)","decl":{"start":{"line":46,"column":32},"end":{"line":46,"column":33}},"loc":{"start":{"line":46,"column":38},"end":{"line":65,"column":3}},"line":46},"3":{"name":"(anonymous_3)","decl":{"start":{"line":52,"column":31},"end":{"line":52,"column":32}},"loc":{"start":{"line":53,"column":12},"end":{"line":60,"column":14}},"line":53},"4":{"name":"(anonymous_4)","decl":{"start":{"line":67,"column":12},"end":{"line":67,"column":13}},"loc":{"start":{"line":67,"column":18},"end":{"line":77,"column":3}},"line":67},"5":{"name":"(anonymous_5)","decl":{"start":{"line":68,"column":26},"end":{"line":68,"column":27}},"loc":{"start":{"line":68,"column":38},"end":{"line":73,"column":5}},"line":68},"6":{"name":"(anonymous_6)","decl":{"start":{"line":79,"column":12},"end":{"line":79,"column":13}},"loc":{"start":{"line":79,"column":18},"end":{"line":93,"column":3}},"line":79},"7":{"name":"(anonymous_7)","decl":{"start":{"line":95,"column":12},"end":{"line":95,"column":13}},"loc":{"start":{"line":95,"column":18},"end":{"line":111,"column":3}},"line":95},"8":{"name":"(anonymous_8)","decl":{"start":{"line":97,"column":40},"end":{"line":97,"column":41}},"loc":{"start":{"line":97,"column":52},"end":{"line":97,"column":68}},"line":97},"9":{"name":"(anonymous_9)","decl":{"start":{"line":106,"column":46},"end":{"line":106,"column":47}},"loc":{"start":{"line":106,"column":55},"end":{"line":106,"column":68}},"line":106},"10":{"name":"(anonymous_10)","decl":{"start":{"line":114,"column":30},"end":{"line":114,"column":31}},"loc":{"start":{"line":114,"column":36},"end":{"line":131,"column":3}},"line":114},"11":{"name":"(anonymous_11)","decl":{"start":{"line":133,"column":32},"end":{"line":133,"column":33}},"loc":{"start":{"line":133,"column":38},"end":{"line":141,"column":3}},"line":133},"12":{"name":"(anonymous_12)","decl":{"start":{"line":135,"column":50},"end":{"line":135,"column":51}},"loc":{"start":{"line":135,"column":59},"end":{"line":135,"column":72}},"line":135},"13":{"name":"(anonymous_13)","decl":{"start":{"line":143,"column":25},"end":{"line":143,"column":26}},"loc":{"start":{"line":143,"column":31},"end":{"line":150,"column":3}},"line":143},"14":{"name":"(anonymous_14)","decl":{"start":{"line":152,"column":12},"end":{"line":152,"column":13}},"loc":{"start":{"line":152,"column":18},"end":{"line":158,"column":3}},"line":152},"15":{"name":"(anonymous_15)","decl":{"start":{"line":174,"column":20},"end":{"line":174,"column":21}},"loc":{"start":{"line":174,"column":26},"end":{"line":177,"column":11}},"line":174},"16":{"name":"(anonymous_16)","decl":{"start":{"line":196,"column":30},"end":{"line":196,"column":31}},"loc":{"start":{"line":197,"column":12},"end":{"line":202,"column":17}},"line":197}},"branchMap":{"0":{"loc":{"start":{"line":49,"column":4},"end":{"line":64,"column":5}},"type":"if","locations":[{"start":{"line":49,"column":4},"end":{"line":64,"column":5}},{"start":{"line":49,"column":4},"end":{"line":64,"column":5}}],"line":49},"1":{"loc":{"start":{"line":85,"column":6},"end":{"line":90,"column":7}},"type":"if","locations":[{"start":{"line":85,"column":6},"end":{"line":90,"column":7}},{"start":{"line":85,"column":6},"end":{"line":90,"column":7}}],"line":85},"2":{"loc":{"start":{"line":97,"column":4},"end":{"line":99,"column":5}},"type":"if","locations":[{"start":{"line":97,"column":4},"end":{"line":99,"column":5}},{"start":{"line":97,"column":4},"end":{"line":99,"column":5}}],"line":97},"3":{"loc":{"start":{"line":97,"column":8},"end":{"line":97,"column":69}},"type":"binary-expr","locations":[{"start":{"line":97,"column":8},"end":{"line":97,"column":19}},{"start":{"line":97,"column":23},"end":{"line":97,"column":69}}],"line":97},"4":{"loc":{"start":{"line":101,"column":4},"end":{"line":103,"column":5}},"type":"if","locations":[{"start":{"line":101,"column":4},"end":{"line":103,"column":5}},{"start":{"line":101,"column":4},"end":{"line":103,"column":5}}],"line":101},"5":{"loc":{"start":{"line":101,"column":8},"end":{"line":101,"column":56}},"type":"binary-expr","locations":[{"start":{"line":101,"column":8},"end":{"line":101,"column":25}},{"start":{"line":101,"column":29},"end":{"line":101,"column":56}}],"line":101},"6":{"loc":{"start":{"line":105,"column":4},"end":{"line":110,"column":5}},"type":"if","locations":[{"start":{"line":105,"column":4},"end":{"line":110,"column":5}},{"start":{"line":105,"column":4},"end":{"line":110,"column":5}}],"line":105},"7":{"loc":{"start":{"line":107,"column":6},"end":{"line":109,"column":7}},"type":"if","locations":[{"start":{"line":107,"column":6},"end":{"line":109,"column":7}},{"start":{"line":107,"column":6},"end":{"line":109,"column":7}}],"line":107},"8":{"loc":{"start":{"line":125,"column":4},"end":{"line":130,"column":5}},"type":"if","locations":[{"start":{"line":125,"column":4},"end":{"line":130,"column":5}},{"start":{"line":125,"column":4},"end":{"line":130,"column":5}}],"line":125},"9":{"loc":{"start":{"line":136,"column":4},"end":{"line":140,"column":5}},"type":"if","locations":[{"start":{"line":136,"column":4},"end":{"line":140,"column":5}},{"start":{"line":136,"column":4},"end":{"line":140,"column":5}}],"line":136},"10":{"loc":{"start":{"line":144,"column":4},"end":{"line":148,"column":5}},"type":"if","locations":[{"start":{"line":144,"column":4},"end":{"line":148,"column":5}},{"start":{"line":144,"column":4},"end":{"line":148,"column":5}}],"line":144},"11":{"loc":{"start":{"line":153,"column":4},"end":{"line":157,"column":5}},"type":"if","locations":[{"start":{"line":153,"column":4},"end":{"line":157,"column":5}},{"start":{"line":153,"column":4},"end":{"line":157,"column":5}}],"line":153},"12":{"loc":{"start":{"line":186,"column":10},"end":{"line":186,"column":39}},"type":"binary-expr","locations":[{"start":{"line":186,"column":10},"end":{"line":186,"column":15}},{"start":{"line":186,"column":19},"end":{"line":186,"column":39}}],"line":186}},"s":{"0":0,"1":0,"2":0,"3":0,"4":0,"5":0,"6":0,"7":0,"8":0,"9":0,"10":0,"11":0,"12":0,"13":0,"14":0,"15":0,"16":0,"17":0,"18":0,"19":0,"20":0,"21":0,"22":0,"23":0,"24":0,"25":0,"26":0,"27":0,"28":0,"29":0,"30":0,"31":0,"32":0,"33":0,"34":0,"35":0,"36":0,"37":0,"38":0,"39":0,"40":0,"41":0,"42":0,"43":0,"44":0,"45":0,"46":0,"47":0,"48":0,"49":0,"50":0,"51":0,"52":0,"53":0,"54":0,"55":0,"56":0,"57":0,"58":0,"59":0,"60":0,"61":0,"62":0,"63":0,"64":0,"65":0,"66":0,"67":0,"68":0,"69":0,"70":0,"71":0,"72":0,"73":0,"74":0,"75":0,"76":0,"77":0,"78":0,"79":0,"80":0,"81":0,"82":0,"83":0,"84":4},"f":{"0":0,"1":0,"2":0,"3":0,"4":0,"5":0,"6":0,"7":0,"8":0,"9":0,"10":0,"11":0,"12":0,"13":0,"14":0,"15":0,"16":0},"b":{"0":[0,0],"1":[0,0],"2":[0,0],"3":[0,0],"4":[0,0],"5":[0,0],"6":[0,0],"7":[0,0],"8":[0,0],"9":[0,0],"10":[0,0],"11":[0,0],"12":[0,0]},"_coverageSchema":"43e27e138ebf9cfc5966b082cf9a028302ed4184","hash":"ca5a90ff40551bf2bc7c2488c05abf8c6575644e"}
,"/home/luisffg/Projetos/sd-012-project-recipes-app/src/pages/FoodIngredients.jsx": {"path":"/home/luisffg/Projetos/sd-012-project-recipes-app/src/pages/FoodIngredients.jsx","statementMap":{"0":{"start":{"line":6,"column":2},"end":{"line":11,"column":4}}},"fnMap":{"0":{"name":"FoodIngredients","decl":{"start":{"line":5,"column":9},"end":{"line":5,"column":24}},"loc":{"start":{"line":5,"column":27},"end":{"line":12,"column":1}},"line":5}},"branchMap":{},"s":{"0":3},"f":{"0":3},"b":{},"_coverageSchema":"43e27e138ebf9cfc5966b082cf9a028302ed4184","hash":"ca340637670730f92a02f8c8e6c8e095e0dfdb0a"}
,"/home/luisffg/Projetos/sd-012-project-recipes-app/src/pages/FoodsExplore.jsx": {"path":"/home/luisffg/Projetos/sd-012-project-recipes-app/src/pages/FoodsExplore.jsx","statementMap":{"0":{"start":{"line":8,"column":38},"end":{"line":8,"column":49}},"1":{"start":{"line":10,"column":28},"end":{"line":15,"column":3}},"2":{"start":{"line":11,"column":16},"end":{"line":11,"column":68}},"3":{"start":{"line":12,"column":19},"end":{"line":12,"column":35}},"4":{"start":{"line":13,"column":23},"end":{"line":13,"column":42}},"5":{"start":{"line":14,"column":4},"end":{"line":14,"column":46}},"6":{"start":{"line":17,"column":2},"end":{"line":19,"column":9}},"7":{"start":{"line":18,"column":4},"end":{"line":18,"column":24}},"8":{"start":{"line":21,"column":2},"end":{"line":41,"column":4}}},"fnMap":{"0":{"name":"ExploreFoods","decl":{"start":{"line":7,"column":9},"end":{"line":7,"column":21}},"loc":{"start":{"line":7,"column":24},"end":{"line":42,"column":1}},"line":7},"1":{"name":"(anonymous_1)","decl":{"start":{"line":10,"column":28},"end":{"line":10,"column":29}},"loc":{"start":{"line":10,"column":40},"end":{"line":15,"column":3}},"line":10},"2":{"name":"(anonymous_2)","decl":{"start":{"line":17,"column":12},"end":{"line":17,"column":13}},"loc":{"start":{"line":17,"column":18},"end":{"line":19,"column":3}},"line":17}},"branchMap":{},"s":{"0":3,"1":3,"2":3,"3":3,"4":0,"5":0,"6":3,"7":3,"8":3},"f":{"0":3,"1":3,"2":3},"b":{},"_coverageSchema":"43e27e138ebf9cfc5966b082cf9a028302ed4184","hash":"b8cde521a0e9371461912fd044703feacec9343f"}
,"/home/luisffg/Projetos/sd-012-project-recipes-app/src/pages/Home.jsx": {"path":"/home/luisffg/Projetos/sd-012-project-recipes-app/src/pages/Home.jsx","statementMap":{"0":{"start":{"line":5,"column":2},"end":{"line":7,"column":4}}},"fnMap":{"0":{"name":"Home","decl":{"start":{"line":4,"column":9},"end":{"line":4,"column":13}},"loc":{"start":{"line":4,"column":16},"end":{"line":8,"column":1}},"line":4}},"branchMap":{},"s":{"0":42},"f":{"0":42},"b":{},"_coverageSchema":"43e27e138ebf9cfc5966b082cf9a028302ed4184","hash":"463a14c145f6e43d358d606390ade4c6de600673"}
,"/home/luisffg/Projetos/sd-012-project-recipes-app/src/pages/Login.jsx": {"path":"/home/luisffg/Projetos/sd-012-project-recipes-app/src/pages/Login.jsx","statementMap":{"0":{"start":{"line":6,"column":15},"end":{"line":6,"column":16}},"1":{"start":{"line":7,"column":34},"end":{"line":7,"column":49}},"2":{"start":{"line":8,"column":26},"end":{"line":11,"column":4}},"3":{"start":{"line":13,"column":23},"end":{"line":18,"column":3}},"4":{"start":{"line":14,"column":4},"end":{"line":17,"column":7}},"5":{"start":{"line":20,"column":23},"end":{"line":23,"column":3}},"6":{"start":{"line":21,"column":20},"end":{"line":21,"column":34}},"7":{"start":{"line":22,"column":4},"end":{"line":22,"column":31}},"8":{"start":{"line":25,"column":22},"end":{"line":32,"column":3}},"9":{"start":{"line":26,"column":4},"end":{"line":26,"column":42}},"10":{"start":{"line":27,"column":4},"end":{"line":27,"column":46}},"11":{"start":{"line":28,"column":4},"end":{"line":30,"column":8}},"12":{"start":{"line":31,"column":4},"end":{"line":31,"column":22}},"13":{"start":{"line":34,"column":2},"end":{"line":36,"column":3}},"14":{"start":{"line":35,"column":4},"end":{"line":35,"column":38}},"15":{"start":{"line":38,"column":2},"end":{"line":68,"column":4}},"16":{"start":{"line":63,"column":24},"end":{"line":63,"column":37}}},"fnMap":{"0":{"name":"Login","decl":{"start":{"line":5,"column":9},"end":{"line":5,"column":14}},"loc":{"start":{"line":5,"column":17},"end":{"line":69,"column":1}},"line":5},"1":{"name":"(anonymous_1)","decl":{"start":{"line":13,"column":23},"end":{"line":13,"column":24}},"loc":{"start":{"line":13,"column":39},"end":{"line":18,"column":3}},"line":13},"2":{"name":"(anonymous_2)","decl":{"start":{"line":20,"column":23},"end":{"line":20,"column":24}},"loc":{"start":{"line":20,"column":34},"end":{"line":23,"column":3}},"line":20},"3":{"name":"(anonymous_3)","decl":{"start":{"line":25,"column":22},"end":{"line":25,"column":23}},"loc":{"start":{"line":25,"column":28},"end":{"line":32,"column":3}},"line":25},"4":{"name":"(anonymous_4)","decl":{"start":{"line":63,"column":18},"end":{"line":63,"column":19}},"loc":{"start":{"line":63,"column":24},"end":{"line":63,"column":37}},"line":63}},"branchMap":{"0":{"loc":{"start":{"line":34,"column":2},"end":{"line":36,"column":3}},"type":"if","locations":[{"start":{"line":34,"column":2},"end":{"line":36,"column":3}},{"start":{"line":34,"column":2},"end":{"line":36,"column":3}}],"line":34},"1":{"loc":{"start":{"line":60,"column":21},"end":{"line":60,"column":76}},"type":"binary-expr","locations":[{"start":{"line":60,"column":21},"end":{"line":60,"column":45}},{"start":{"line":60,"column":49},"end":{"line":60,"column":76}}],"line":60}},"s":{"0":117,"1":117,"2":117,"3":117,"4":74,"5":117,"6":116,"7":116,"8":117,"9":1,"10":1,"11":1,"12":1,"13":117,"14":1,"15":116,"16":1},"f":{"0":117,"1":74,"2":116,"3":1,"4":1},"b":{"0":[1,116],"1":[116,26]},"_coverageSchema":"43e27e138ebf9cfc5966b082cf9a028302ed4184","hash":"465ad95c6c519ef4cc4af41b4dc7d98745a91d52"}
[...]
t":{"line":18,"column":30},"end":{"line":18,"column":42}},"1":{"start":{"line":19,"column":28},"end":{"line":19,"column":40}},"2":{"start":{"line":20,"column":34},"end":{"line":20,"column":49}},"3":{"start":{"line":21,"column":34},"end":{"line":21,"column":49}},"4":{"start":{"line":22,"column":42},"end":{"line":22,"column":58}},"5":{"start":{"line":23,"column":36},"end":{"line":23,"column":57}},"6":{"start":{"line":25,"column":2},"end":{"line":34,"column":11}},"7":{"start":{"line":26,"column":22},"end":{"line":32,"column":5}},"8":{"start":{"line":27,"column":18},"end":{"line":27,"column":78}},"9":{"start":{"line":28,"column":25},"end":{"line":30,"column":38}},"10":{"start":{"line":29,"column":28},"end":{"line":29,"column":43}},"11":{"start":{"line":30,"column":24},"end":{"line":30,"column":37}},"12":{"start":{"line":31,"column":6},"end":{"line":31,"column":28}},"13":{"start":{"line":33,"column":4},"end":{"line":33,"column":16}},"14":{"start":{"line":36,"column":2},"end":{"line":50,"column":19}},"15":{"start":{"line":37,"column":28},"end":{"line":37,"column":81}},"16":{"start":{"line":38,"column":28},"end":{"line":38,"column":79}},"17":{"start":{"line":39,"column":4},"end":{"line":43,"column":5}},"18":{"start":{"line":40,"column":6},"end":{"line":40,"column":32}},"19":{"start":{"line":42,"column":6},"end":{"line":42,"column":46}},"20":{"start":{"line":44,"column":4},"end":{"line":49,"column":5}},"21":{"start":{"line":45,"column":25},"end":{"line":45,"column":69}},"22":{"start":{"line":45,"column":55},"end":{"line":45,"column":68}},"23":{"start":{"line":46,"column":6},"end":{"line":48,"column":7}},"24":{"start":{"line":47,"column":8},"end":{"line":47,"column":26}},"25":{"start":{"line":52,"column":2},"end":{"line":67,"column":26}},"26":{"start":{"line":53,"column":22},"end":{"line":53,"column":24}},"27":{"start":{"line":54,"column":27},"end":{"line":54,"column":29}},"28":{"start":{"line":55,"column":4},"end":{"line":65,"column":5}},"29":{"start":{"line":55,"column":21},"end":{"line":55,"column":22}},"30":{"start":{"line":56,"column":25},"end":{"line":56,"column":56}},"31":{"start":{"line":57,"column":22},"end":{"line":57,"column":50}},"32":{"start":{"line":58,"column":6},"end":{"line":64,"column":7}},"33":{"start":{"line":59,"column":8},"end":{"line":63,"column":11}},"34":{"start":{"line":66,"column":4},"end":{"line":66,"column":24}},"35":{"start":{"line":69,"column":2},"end":{"line":75,"column":17}},"36":{"start":{"line":70,"column":4},"end":{"line":74,"column":5}},"37":{"start":{"line":71,"column":6},"end":{"line":71,"column":30}},"38":{"start":{"line":73,"column":6},"end":{"line":73,"column":30}},"39":{"start":{"line":77,"column":28},"end":{"line":101,"column":3}},"40":{"start":{"line":78,"column":28},"end":{"line":78,"column":60}},"41":{"start":{"line":79,"column":27},"end":{"line":84,"column":5}},"42":{"start":{"line":85,"column":28},"end":{"line":85,"column":81}},"43":{"start":{"line":86,"column":4},"end":{"line":100,"column":5}},"44":{"start":{"line":87,"column":6},"end":{"line":87,"column":80}},"45":{"start":{"line":89,"column":29},"end":{"line":98,"column":7}},"46":{"start":{"line":99,"column":6},"end":{"line":99,"column":80}},"47":{"start":{"line":103,"column":30},"end":{"line":124,"column":3}},"48":{"start":{"line":104,"column":60},"end":{"line":104,"column":66}},"49":{"start":{"line":105,"column":27},"end":{"line":113,"column":6}},"50":{"start":{"line":114,"column":28},"end":{"line":114,"column":79}},"51":{"start":{"line":115,"column":4},"end":{"line":123,"column":5}},"52":{"start":{"line":116,"column":6},"end":{"line":116,"column":78}},"53":{"start":{"line":118,"column":29},"end":{"line":121,"column":7}},"54":{"start":{"line":122,"column":6},"end":{"line":122,"column":78}},"55":{"start":{"line":126,"column":32},"end":{"line":134,"column":3}},"56":{"start":{"line":127,"column":28},"end":{"line":127,"column":79}},"57":{"start":{"line":128,"column":27},"end":{"line":128,"column":73}},"58":{"start":{"line":128,"column":59},"end":{"line":128,"column":72}},"59":{"start":{"line":129,"column":4},"end":{"line":133,"column":5}},"60":{"start":{"line":130,"column":6},"end":{"line":130,"column":49}},"61":{"start":{"line":132,"column":6},"end":{"line":132,"column":78}},"62":{"start":{"line":136,"column":22},"end":{"line":147,"column":3}},"63":{"start":{"line":137,"column":22},"end":{"line":137,"column":31}},"64":{"start":{"line":138,"column":4},"end":{"line":142,"column":5}},"65":{"start":{"line":138,"column":21},"end":{"line":138,"column":22}},"66":{"start":{"line":139,"column":6},"end":{"line":141,"column":7}},"67":{"start":{"line":140,"column":8},"end":{"line":140,"column":45}},"68":{"start":{"line":143,"column":4},"end":{"line":145,"column":7}},"69":{"start":{"line":146,"column":4},"end":{"line":146,"column":24}},"70":{"start":{"line":149,"column":22},"end":{"line":153,"column":3}},"71":{"start":{"line":150,"column":23},"end":{"line":150,"column":26}},"72":{"start":{"line":151,"column":4},"end":{"line":151,"column":52}},"73":{"start":{"line":152,"column":4},"end":{"line":152,"column":22}},"74":{"start":{"line":155,"column":25},"end":{"line":162,"column":3}},"75":{"start":{"line":156,"column":4},"end":{"line":160,"column":5}},"76":{"start":{"line":157,"column":6},"end":{"line":157,"column":30}},"77":{"start":{"line":159,"column":6},"end":{"line":159,"column":28}},"78":{"start":{"line":161,"column":4},"end":{"line":161,"column":27}},"79":{"start":{"line":164,"column":29},"end":{"line":180,"column":3}},"80":{"start":{"line":165,"column":4},"end":{"line":169,"column":5}},"81":{"start":{"line":166,"column":6},"end":{"line":168,"column":8}},"82":{"start":{"line":170,"column":20},"end":{"line":170,"column":64}},"83":{"start":{"line":170,"column":41},"end":{"line":170,"column":63}},"84":{"start":{"line":171,"column":4},"end":{"line":179,"column":6}},"85":{"start":{"line":182,"column":33},"end":{"line":207,"column":3}},"86":{"start":{"line":183,"column":68},"end":{"line":183,"column":74}},"87":{"start":{"line":185,"column":4},"end":{"line":206,"column":6}},"88":{"start":{"line":209,"column":2},"end":{"line":213,"column":4}},"89":{"start":{"line":216,"column":0},"end":{"line":222,"column":2}}},"fnMap":{"0":{"name":"ProgressFood","decl":{"start":{"line":13,"column":9},"end":{"line":13,"column":21}},"loc":{"start":{"line":17,"column":3},"end":{"line":214,"column":1}},"line":17},"1":{"name":"(anonymous_1)","decl":{"start":{"line":25,"column":12},"end":{"line":25,"column":13}},"loc":{"start":{"line":25,"column":18},"end":{"line":34,"column":3}},"line":25},"2":{"name":"(anonymous_2)","decl":{"start":{"line":26,"column":22},"end":{"line":26,"column":23}},"loc":{"start":{"line":26,"column":34},"end":{"line":32,"column":5}},"line":26},"3":{"name":"(anonymous_3)","decl":{"start":{"line":29,"column":14},"end":{"line":29,"column":15}},"loc":{"start":{"line":29,"column":28},"end":{"line":29,"column":43}},"line":29},"4":{"name":"(anonymous_4)","decl":{"start":{"line":30,"column":14},"end":{"line":30,"column":15}},"loc":{"start":{"line":30,"column":24},"end":{"line":30,"column":37}},"line":30},"5":{"name":"(anonymous_5)","decl":{"start":{"line":36,"column":12},"end":{"line":36,"column":13}},"loc":{"start":{"line":36,"column":18},"end":{"line":50,"column":3}},"line":36},"6":{"name":"(anonymous_6)","decl":{"start":{"line":45,"column":46},"end":{"line":45,"column":47}},"loc":{"start":{"line":45,"column":55},"end":{"line":45,"column":68}},"line":45},"7":{"name":"(anonymous_7)","decl":{"start":{"line":52,"column":12},"end":{"line":52,"column":13}},"loc":{"start":{"line":52,"column":18},"end":{"line":67,"column":3}},"line":52},"8":{"name":"(anonymous_8)","decl":{"start":{"line":69,"column":12},"end":{"line":69,"column":13}},"loc":{"start":{"line":69,"column":18},"end":{"line":75,"column":3}},"line":69},"9":{"name":"(anonymous_9)","decl":{"start":{"line":77,"column":28},"end":{"line":77,"column":29}},"loc":{"start":{"line":77,"column":34},"end":{"line":101,"column":3}},"line":77},"10":{"name":"(anonymous_10)","decl":{"start":{"line":103,"column":30},"end":{"line":103,"column":31}},"loc":{"start":{"line":103,"column":36},"end":{"line":124,"column":3}},"line":103},"11":{"name":"(anonymous_11)","decl":{"start":{"line":126,"column":32},"end":{"line":126,"column":33}},"loc":{"start":{"line":126,"column":38},"end":{"line":134,"column":3}},"line":126},"12":{"name":"(anonymous_12)","decl":{"start":{"line":128,"column":50},"end":{"line":128,"column":51}},"loc":{"start":{"line":128,"column":59},"end":{"line":128,"column":72}},"line":128},"13":{"name":"(anonymous_13)","decl":{"start":{"line":136,"column":22},"end":{"line":136,"column":23}},"loc":{"start":{"line":136,"column":41},"end":{"line":147,"column":3}},"line":136},"14":{"name":"(anonymous_14)","decl":{"start":{"line":149,"column":22},"end":{"line":149,"column":23}},"loc":{"start":{"line":149,"column":28},"end":{"line":153,"column":3}},"line":149},"15":{"name":"(anonymous_15)","decl":{"start":{"line":155,"column":25},"end":{"line":155,"column":26}},"loc":{"start":{"line":155,"column":31},"end":{"line":162,"column":3}},"line":155},"16":{"name":"(anonymous_16)","decl":{"start":{"line":164,"column":29},"end":{"line":164,"column":30}},"loc":{"start":{"line":164,"column":35},"end":{"line":180,"column":3}},"line":164},"17":{"name":"(anonymous_17)","decl":{"start":{"line":170,"column":31},"end":{"line":170,"column":32}},"loc":{"start":{"line":170,"column":41},"end":{"line":170,"column":63}},"line":170},"18":{"name":"(anonymous_18)","decl":{"start":{"line":182,"column":33},"end":{"line":182,"column":34}},"loc":{"start":{"line":182,"column":39},"end":{"line":207,"column":3}},"line":182}},"branchMap":{"0":{"loc":{"start":{"line":39,"column":4},"end":{"line":43,"column":5}},"type":"if","locations":[{"start":{"line":39,"column":4},"end":{"line":43,"column":5}},{"start":{"line":39,"column":4},"end":{"line":43,"column":5}}],"line":39},"1":{"loc":{"start":{"line":39,"column":8},"end":{"line":39,"column":54}},"type":"binary-expr","locations":[{"start":{"line":39,"column":8},"end":{"line":39,"column":24}},{"start":{"line":39,"column":28},"end":{"line":39,"column":54}}],"line":39},"2":{"loc":{"start":{"line":44,"column":4},"end":{"line":49,"column":5}},"type":"if","locations":[{"start":{"line":44,"column":4},"end":{"line":49,"column":5}},{"start":{"line":44,"column":4},"end":{"line":49,"column":5}}],"line":44},"3":{"loc":{"start":{"line":46,"column":6},"end":{"line":48,"column":7}},"type":"if","locations":[{"start":{"line":46,"column":6},"end":{"line":48,"column":7}},{"start":{"line":46,"column":6},"end":{"line":48,"column":7}}],"line":46},"4":{"loc":{"start":{"line":58,"column":6},"end":{"line":64,"column":7}},"type":"if","locations":[{"start":{"line":58,"column":6},"end":{"line":64,"column":7}},{"start":{"line":58,"column":6},"end":{"line":64,"column":7}}],"line":58},"5":{"loc":{"start":{"line":70,"column":4},"end":{"line":74,"column":5}},"type":"if","locations":[{"start":{"line":70,"column":4},"end":{"line":74,"column":5}},{"start":{"line":70,"column":4},"end":{"line":74,"column":5}}],"line":70},"6":{"loc":{"start":{"line":86,"column":4},"end":{"line":100,"column":5}},"type":"if","locations":[{"start":{"line":86,"column":4},"end":{"line":100,"column":5}},{"start":{"line":86,"column":4},"end":{"line":100,"column":5}}],"line":86},"7":{"loc":{"start":{"line":115,"column":4},"end":{"line":123,"column":5}},"type":"if","locations":[{"start":{"line":115,"column":4},"end":{"line":123,"column":5}},{"start":{"line":115,"column":4},"end":{"line":123,"column":5}}],"line":115},"8":{"loc":{"start":{"line":129,"column":4},"end":{"line":133,"column":5}},"type":"if","locations":[{"start":{"line":129,"column":4},"end":{"line":133,"column":5}},{"start":{"line":129,"column":4},"end":{"line":133,"column":5}}],"line":129},"9":{"loc":{"start":{"line":139,"column":6},"end":{"line":141,"column":7}},"type":"if","locations":[{"start":{"line":139,"column":6},"end":{"line":141,"column":7}},{"start":{"line":139,"column":6},"end":{"line":141,"column":7}}],"line":139},"10":{"loc":{"start":{"line":156,"column":4},"end":{"line":160,"column":5}},"type":"if","locations":[{"start":{"line":156,"column":4},"end":{"line":160,"column":5}},{"start":{"line":156,"column":4},"end":{"line":160,"column":5}}],"line":156},"11":{"loc":{"start":{"line":165,"column":4},"end":{"line":169,"column":5}},"type":"if","locations":[{"start":{"line":165,"column":4},"end":{"line":169,"column":5}},{"start":{"line":165,"column":4},"end":{"line":169,"column":5}}],"line":165},"12":{"loc":{"start":{"line":200,"column":9},"end":{"line":200,"column":83}},"type":"binary-expr","locations":[{"start":{"line":200,"column":9},"end":{"line":200,"column":17}},{"start":{"line":200,"column":21},"end":{"line":200,"column":83}}],"line":200}},"s":{"0":0,"1":0,"2":0,"3":0,"4":0,"5":0,"6":0,"7":0,"8":0,"9":0,"10":0,"11":0,"12":0,"13":0,"14":0,"15":0,"16":0,"17":0,"18":0,"19":0,"20":0,"21":0,"22":0,"23":0,"24":0,"25":0,"26":0,"27":0,"28":0,"29":0,"30":0,"31":0,"32":0,"33":0,"34":0,"35":0,"36":0,"37":0,"38":0,"39":0,"40":0,"41":0,"42":0,"43":0,"44":0,"45":0,"46":0,"47":0,"48":0,"49":0,"50":0,"51":0,"52":0,"53":0,"54":0,"55":0,"56":0,"57":0,"58":0,"59":0,"60":0,"61":0,"62":0,"63":0,"64":0,"65":0,"66":0,"67":0,"68":0,"69":0,"70":0,"71":0,"72":0,"73":0,"74":0,"75":0,"76":0,"77":0,"78":0,"79":0,"80":0,"81":0,"82":0,"83":0,"84":0,"85":0,"86":0,"87":0,"88":0,"89":4},"f":{"0":0,"1":0,"2":0,"3":0,"4":0,"5":0,"6":0,"7":0,"8":0,"9":0,"10":0,"11":0,"12":0,"13":0,"14":0,"15":0,"16":0,"17":0,"18":0},"b":{"0":[0,0],"1":[0,0],"2":[0,0],"3":[0,0],"4":[0,0],"5":[0,0],"6":[0,0],"7":[0,0],"8":[0,0],"9":[0,0],"10":[0,0],"11":[0,0],"12":[0,0]},"_coverageSchema":"43e27e138ebf9cfc5966b082cf9a028302ed4184","hash":"2daf25c6d1844bad5fa91ebbbecfea7a2e0acfbe"}
,"/home/luisffg/Projetos/sd-012-project-recipes-app/src/services/drinksAPI.js": {"path":"/home/luisffg/Projetos/sd-012-project-recipes-app/src/services/drinksAPI.js","statementMap":{"0":{"start":{"line":1,"column":39},"end":{"line":6,"column":1}},"1":{"start":{"line":2,"column":19},"end":{"line":2,"column":91}},"2":{"start":{"line":3,"column":2},"end":{"line":5,"column":33}},"3":{"start":{"line":4,"column":24},"end":{"line":4,"column":39}},"4":{"start":{"line":5,"column":20},"end":{"line":5,"column":31}},"5":{"start":{"line":8,"column":33},"end":{"line":13,"column":1}},"6":{"start":{"line":9,"column":19},"end":{"line":9,"column":85}},"7":{"start":{"line":10,"column":2},"end":{"line":12,"column":33}},"8":{"start":{"line":11,"column":24},"end":{"line":11,"column":39}},"9":{"start":{"line":12,"column":20},"end":{"line":12,"column":31}},"10":{"start":{"line":15,"column":40},"end":{"line":20,"column":1}},"11":{"start":{"line":16,"column":19},"end":{"line":16,"column":92}},"12":{"start":{"line":17,"column":2},"end":{"line":19,"column":33}},"13":{"start":{"line":18,"column":24},"end":{"line":18,"column":39}},"14":{"start":{"line":19,"column":20},"end":{"line":19,"column":31}}},"fnMap":{"0":{"name":"(anonymous_0)","decl":{"start":{"line":1,"column":39},"end":{"line":1,"column":40}},"loc":{"start":{"line":1,"column":55},"end":{"line":6,"column":1}},"line":1},"1":{"name":"(anonymous_1)","decl":{"start":{"line":4,"column":10},"end":{"line":4,"column":11}},"loc":{"start":{"line":4,"column":24},"end":{"line":4,"column":39}},"line":4},"2":{"name":"(anonymous_2)","decl":{"start":{"line":5,"column":10},"end":{"line":5,"column":11}},"loc":{"start":{"line":5,"column":20},"end":{"line":5,"column":31}},"line":5},"3":{"name":"(anonymous_3)","decl":{"start":{"line":8,"column":33},"end":{"line":8,"column":34}},"loc":{"start":{"line":8,"column":43},"end":{"line":13,"column":1}},"line":8},"4":{"name":"(anonymous_4)","decl":{"start":{"line":11,"column":10},"end":{"line":11,"column":11}},"loc":{"start":{"line":11,"column":24},"end":{"line":11,"column":39}},"line":11},"5":{"name":"(anonymous_5)","decl":{"start":{"line":12,"column":10},"end":{"line":12,"column":11}},"loc":{"start":{"line":12,"column":20},"end":{"line":12,"column":31}},"line":12},"6":{"name":"(anonymous_6)","decl":{"start":{"line":15,"column":40},"end":{"line":15,"column":41}},"loc":{"start":{"line":15,"column":57},"end":{"line":20,"column":1}},"line":15},"7":{"name":"(anonymous_7)","decl":{"start":{"line":18,"column":10},"end":{"line":18,"column":11}},"loc":{"start":{"line":18,"column":24},"end":{"line":18,"column":39}},"line":18},"8":{"name":"(anonymous_8)","decl":{"start":{"line":19,"column":10},"end":{"line":19,"column":11}},"loc":{"start":{"line":19,"column":20},"end":{"line":19,"column":31}},"line":19}},"branchMap":{},"s":{"0":4,"1":0,"2":0,"3":0,"4":0,"5":4,"6":0,"7":0,"8":0,"9":0,"10":4,"11":0,"12":0,"13":0,"14":0},"f":{"0":0,"1":0,"2":0,"3":0,"4":0,"5":0,"6":0,"7":0,"8":0},"b":{},"_coverageSchema":"43e27e138ebf9cfc5966b082cf9a028302ed4184","hash":"963b21464e32a31b945720830fafaef2ee2bbcaf"}
,"/home/luisffg/Projetos/sd-012-project-recipes-app/src/services/foodsAPI.js": {"path":"/home/luisffg/Projetos/sd-012-project-recipes-app/src/services/foodsAPI.js","statementMap":{"0":{"start":{"line":1,"column":38},"end":{"line":6,"column":1}},"1":{"start":{"line":2,"column":19},"end":{"line":2,"column":87}},"2":{"start":{"line":3,"column":2},"end":{"line":5,"column":32}},"3":{"start":{"line":4,"column":24},"end":{"line":4,"column":39}},"4":{"start":{"line":5,"column":20},"end":{"line":5,"column":30}},"5":{"start":{"line":8,"column":32},"end":{"line":13,"column":1}},"6":{"start":{"line":9,"column":19},"end":{"line":9,"column":81}},"7":{"start":{"line":10,"column":2},"end":{"line":12,"column":32}},"8":{"start":{"line":11,"column":24},"end":{"line":11,"column":39}},"9":{"start":{"line":12,"column":20},"end":{"line":12,"column":30}},"10":{"start":{"line":15,"column":39},"end":{"line":20,"column":1}},"11":{"start":{"line":16,"column":19},"end":{"line":16,"column":88}},"12":{"start":{"line":17,"column":2},"end":{"line":19,"column":32}},"13":{"start":{"line":18,"column":24},"end":{"line":18,"column":39}},"14":{"start":{"line":19,"column":20},"end":{"line":19,"column":30}}},"fnMap":{"0":{"name":"(anonymous_0)","decl":{"start":{"line":1,"column":38},"end":{"line":1,"column":39}},"loc":{"start":{"line":1,"column":54},"end":{"line":6,"column":1}},"line":1},"1":{"name":"(anonymous_1)","decl":{"start":{"line":4,"column":10},"end":{"line":4,"column":11}},"loc":{"start":{"line":4,"column":24},"end":{"line":4,"column":39}},"line":4},"2":{"name":"(anonymous_2)","decl":{"start":{"line":5,"column":10},"end":{"line":5,"column":11}},"loc":{"start":{"line":5,"column":20},"end":{"line":5,"column":30}},"line":5},"3":{"name":"(anonymous_3)","decl":{"start":{"line":8,"column":32},"end":{"line":8,"column":33}},"loc":{"start":{"line":8,"column":42},"end":{"line":13,"column":1}},"line":8},"4":{"name":"(anonymous_4)","decl":{"start":{"line":11,"column":10},"end":{"line":11,"column":11}},"loc":{"start":{"line":11,"column":24},"end":{"line":11,"column":39}},"line":11},"5":{"name":"(anonymous_5)","decl":{"start":{"line":12,"column":10},"end":{"line":12,"column":11}},"loc":{"start":{"line":12,"column":20},"end":{"line":12,"column":30}},"line":12},"6":{"name":"(anonymous_6)","decl":{"start":{"line":15,"column":39},"end":{"line":15,"column":40}},"loc":{"start":{"line":15,"column":56},"end":{"line":20,"column":1}},"line":15},"7":{"name":"(anonymous_7)","decl":{"start":{"line":18,"column":10},"end":{"line":18,"column":11}},"loc":{"start":{"line":18,"column":24},"end":{"line":18,"column":39}},"line":18},"8":{"name":"(anonymous_8)","decl":{"start":{"line":19,"column":10},"end":{"line":19,"column":11}},"loc":{"start":{"line":19,"column":20},"end":{"line":19,"column":30}},"line":19}},"branchMap":{},"s":{"0":4,"1":0,"2":0,"3":0,"4":0,"5":4,"6":0,"7":0,"8":0,"9":0,"10":4,"11":0,"12":0,"13":0,"14":0},"f":{"0":0,"1":0,"2":0,"3":0,"4":0,"5":0,"6":0,"7":0,"8":0},"b":{},"_coverageSchema":"43e27e138ebf9cfc5966b082cf9a028302ed4184","hash":"fc2b5d10a093f5cf605781e391b4cd96240c912c"}
}
