{"total": {"lines":{"total":636,"covered":113,"skipped":0,"pct":17.77},"statements":{"total":658,"covered":115,"skipped":0,"pct":17.48},"functions":{"total":173,"covered":35,"skipped":0,"pct":20.23},"branches":{"total":195,"covered":18,"skipped":0,"pct":9.23}}
,"/home/luisffg/Projetos/sd-012-project-recipes-app/src/App.js": {"lines":{"total":1,"covered":1,"skipped":0,"pct":100},"functions":{"total":1,"covered":1,"skipped":0,"pct":100},"statements":{"total":1,"covered":1,"skipped":0,"pct":100},"branches":{"total":0,"covered":0,"skipped":0,"pct":100}}
,"/home/luisffg/Projetos/sd-012-project-recipes-app/src/Routes.js": {"lines":{"total":1,"covered":1,"skipped":0,"pct":100},"functions":{"total":1,"covered":1,"skipped":0,"pct":100},"statements":{"total":1,"covered":1,"skipped":0,"pct":100},"branches":{"total":0,"covered":0,"skipped":0,"pct":100}}
,"/home/luisffg/Projetos/sd-012-project-recipes-app/src/components/ButtonCategories.jsx": {"lines":{"total":3,"covered":1,"skipped":0,"pct":33.33},"functions":{"total":2,"covered":0,"skipped":0,"pct":0},"statements":{"total":3,"covered":1,"skipped":0,"pct":33.33},"branches":{"total":0,"covered":0,"skipped":0,"pct":100}}
,"/home/luisffg/Projetos/sd-012-project-recipes-app/src/components/DrinkCard.jsx": {"lines":{"total":2,"covered":1,"skipped":0,"pct":50},"functions":{"total":1,"covered":0,"skipped":0,"pct":0},"statements":{"total":2,"covered":1,"skipped":0,"pct":50},"branches":{"total":0,"covered":0,"skipped":0,"pct":100}}
,"/home/luisffg/Projetos/sd-012-project-recipes-app/src/components/DrinkList.jsx": {"lines":{"total":39,"covered":0,"skipped":0,"pct":0},"functions":{"total":8,"covered":0,"skipped":0,"pct":0},"statements":{"total":39,"covered":0,"skipped":0,"pct":0},"branches":{"total":8,"covered":0,"skipped":0,"pct":0}}
,"/home/luisffg/Projetos/sd-012-project-recipes-app/src/components/FinishRecipeButton.jsx": {"lines":{"total":32,"covered":1,"skipped":0,"pct":3.13},"functions":{"total":4,"covered":0,"skipped":0,"pct":0},"statements":{"total":32,"covered":1,"skipped":0,"pct":3.13},"branches":{"total":10,"covered":0,"skipped":0,"pct":0}}
,"/home/luisffg/Projetos/sd-012-project-recipes-app/src/components/FoodCard.jsx": {"lines":{"total":2,"covered":1,"skipped":0,"pct":50},"functions":{"total":1,"covered":0,"skipped":0,"pct":0},"statements":{"total":2,"covered":1,"skipped":0,"pct":50},"branches":{"total":0,"covered":0,"skipped":0,"pct":100}}
,"/home/luisffg/Projetos/sd-012-project-recipes-app/src/components/FoodList.jsx": {"lines":{"total":39,"covered":0,"skipped":0,"pct":0},"functions":{"total":8,"covered":0,"skipped":0,"pct":0},"statements":{"total":39,"covered":0,"skipped":0,"pct":0},"branches":{"total":8,"covered":0,"skipped":0,"pct":0}}
,"/home/luisffg/Projetos/sd-012-project-recipes-app/src/components/Footer.jsx": {"lines":{"total":1,"covered":1,"skipped":0,"pct":100},"functions":{"total":1,"covered":1,"skipped":0,"pct":100},"statements":{"total":1,"covered":1,"skipped":0,"pct":100},"branches":{"total":0,"covered":0,"skipped":0,"pct":100}}
,"/home/luisffg/Projetos/sd-012-project-recipes-app/src/components/Header.jsx": {"lines":{"total":8,"covered":8,"skipped":0,"pct":100},"functions":{"total":4,"covered":4,"skipped":0,"pct":100},"statements":{"total":9,"covered":9,"skipped":0,"pct":100},"branches":{"total":7,"covered":7,"skipped":0,"pct":100}}
,"/home/luisffg/Projetos/sd-012-project-recipes-app/src/components/IngredientsCheckList.jsx": {"lines":{"total":4,"covered":1,"skipped":0,"pct":25},"functions":{"total":3,"covered":0,"skipped":0,"pct":0},"statements":{"total":4,"covered":1,"skipped":0,"pct":25},"branches":{"total":0,"covered":0,"skipped":0,"pct":100}}
,"/home/luisffg/Projetos/sd-012-project-recipes-app/src/components/RecipeCard.jsx": {"lines":{"total":2,"covered":1,"skipped":0,"pct":50},"functions":{"total":1,"covered":0,"skipped":0,"pct":0},"statements":{"total":2,"covered":1,"skipped":0,"pct":50},"branches":{"total":8,"covered":0,"skipped":0,"pct":0}}
,"/home/luisffg/Projetos/sd-012-project-recipes-app/src/components/RecomendedCard.jsx": {"lines":{"total":3,"covered":1,"skipped":0,"pct":33.33},"functions":{"total":1,"covered":0,"skipped":0,"pct":0},"statements":{"total":3,"covered":1,"skipped":0,"pct":33.33},"branches":{"total":0,"covered":0,"skipped":0,"pct":100}}
,"/home/luisffg/Projetos/sd-012-project-recipes-app/src/components/SearchBar.jsx": {"lines":{"total":43,"covered":12,"skipped":0,"pct":27.91},"functions":{"total":6,"covered":1,"skipped":0,"pct":16.67},"statements":{"total":43,"covered":12,"skipped":0,"pct":27.91},"branches":{"total":30,"covered":0,"skipped":0,"pct":0}}
,"/home/luisffg/Projetos/sd-012-project-recipes-app/src/context/AppContext.jsx": {"lines":{"total":1,"covered":1,"skipped":0,"pct":100},"functions":{"total":0,"covered":0,"skipped":0,"pct":100},"statements":{"total":1,"covered":1,"skipped":0,"pct":100},"branches":{"total":0,"covered":0,"skipped":0,"pct":100}}
,"/home/luisffg/Projetos/sd-012-project-recipes-app/src/context/AppProvider.jsx": {"lines":{"total":6,"covered":6,"skipped":0,"pct":100},"functions":{"total":1,"covered":1,"skipped":0,"pct":100},"statements":{"total":6,"covered":6,"skipped":0,"pct":100},"branches":{"total":0,"covered":0,"skipped":0,"pct":100}}
,"/home/luisffg/Projetos/sd-012-project-recipes-app/src/helpers/InitialValues.js": {"lines":{"total":1,"covered":1,"skipped":0,"pct":100},"functions":{"total":0,"covered":0,"skipped":0,"pct":100},"statements":{"total":1,"covered":1,"skipped":0,"pct":100},"branches":{"total":0,"covered":0,"skipped":0,"pct":100}}
,"/home/luisffg/Projetos/sd-012-project-recipes-app/src/helpers/renderWithRouter.js": {"lines":{"total":3,"covered":3,"skipped":0,"pct":100},"functions":{"total":1,"covered":1,"skipped":0,"pct":100},"statements":{"total":3,"covered":3,"skipped":0,"pct":100},"branches":{"total":0,"covered":0,"skipped":0,"pct":100}}
,"/home/luisffg/Projetos/sd-012-project-recipes-app/src/pages/DoneRecipes.jsx": {"lines":{"total":28,"covered":17,"skipped":0,"pct":60.71},"functions":{"total":14,"covered":5,"skipped":0,"pct":35.71},"statements":{"total":31,"covered":18,"skipped":0,"pct":58.06},"branches":{"total":6,"covered":2,"skipped":0,"pct":33.33}}
,"/home/luisffg/Projetos/sd-012-project-recipes-app/src/pages/DrinkDetails.jsx": {"lines":{"total":81,"covered":1,"skipped":0,"pct":1.23},"functions":{"total":17,"covered":0,"skipped":0,"pct":0},"statements":{"total":85,"covered":1,"skipped":0,"pct":1.18},"branches":{"total":26,"covered":0,"skipped":0,"pct":0}}
,"/home/luisffg/Projetos/sd-012-project-recipes-app/src/pages/DrinkIngredients.jsx": {"lines":{"total":1,"covered":1,"skipped":0,"pct":100},"functions":{"total":1,"covered":1,"skipped":0,"pct":100},"statements":{"total":1,"covered":1,"skipped":0,"pct":100},"branches":{"total":0,"covered":0,"skipped":0,"pct":100}}
,"/home/luisffg/Projetos/sd-012-project-recipes-app/src/pages/DrinksExplore.jsx": {"lines":{"total":9,"covered":7,"skipped":0,"pct":77.78},"functions":{"total":3,"covered":3,"skipped":0,"pct":100},"statements":{"total":9,"covered":7,"skipped":0,"pct":77.78},"branches":{"total":0,"covered":0,"skipped":0,"pct":100}}
,"/home/luisffg/Projetos/sd-012-project-recipes-app/src/pages/Explore.jsx": {"lines":{"total":1,"covered":1,"skipped":0,"pct":100},"functions":{"total":1,"covered":1,"skipped":0,"pct":100},"statements":{"total":1,"covered":1,"skipped":0,"pct":100},"branches":{"total":0,"covered":0,"skipped":0,"pct":100}}
,"/home/luisffg/Projetos/sd-012-project-recipes-app/src/pages/FavoriteRecipes.jsx": {"lines":{"total":1,"covered":1,"skipped":0,"pct":100},"functions":{"total":1,"covered":1,"skipped":0,"pct":100},"statements":{"total":1,"covered":1,"skipped":0,"pct":100},"branches":{"total":0,"covered":0,"skipped":0,"pct":100}}
,"/home/luisffg/Projetos/sd-012-project-recipes-app/src/pages/FoodByOrigin.jsx": {"lines":{"total":1,"covered":1,"skipped":0,"pct":100},"functions":{"total":1,"covered":1,"skipped":0,"pct":100},"statements":{"total":1,"covered":1,"skipped":0,"pct":100},"branches":{"total":0,"covered":0,"skipped":0,"pct":100}}
,"/home/luisffg/Projetos/sd-012-project-recipes-app/src/pages/FoodDetails.jsx": {"lines":{"total":81,"covered":1,"skipped":0,"pct":1.23},"functions":{"total":17,"covered":0,"skipped":0,"pct":0},"statements":{"total":85,"covered":1,"skipped":0,"pct":1.18},"branches":{"total":26,"covered":0,"skipped":0,"pct":0}}
,"/home/luisffg/Projetos/sd-012-project-recipes-app/src/pages/FoodIngredients.jsx": {"lines":{"total":1,"covered":1,"skipped":0,"pct":100},"functions":{"total":1,"covered":1,"skipped":0,"pct":100},"statements":{"total":1,"covered":1,"skipped":0,"pct":100},"branches":{"total":0,"covered":0,"skipped":0,"pct":100}}
,"/home/luisffg/Projetos/sd-012-project-recipes-app/src/pages/FoodsExplore.jsx": {"lines":{"total":9,"covered":7,"skipped":0,"pct":77.78},"functions":{"total":3,"covered":3,"skipped":0,"pct":100},"statements":{"total":9,"covered":7,"skipped":0,"pct":77.78},"branches":{"total":0,"covered":0,"skipped":0,"pct":100}}
,"/home/luisffg/Projetos/sd-012-project-recipes-app/src/pages/Home.jsx": {"lines":{"total":1,"covered":1,"skipped":0,"pct":100},"functions":{"total":1,"covered":1,"skipped":0,"pct":100},"statements":{"total":1,"covered":1,"skipped":0,"pct":100},"branches":{"total":0,"covered":0,"skipped":0,"pct":100}}
,"/home/luisffg/Projetos/sd-012-project-recipes-app/src/pages/Login.jsx": {"lines":{"total":17,"covered":17,"skipped":0,"pct":100},"functions":{"total":5,"covered":5,"skipped":0,"pct":100},"statements":{"total":17,"covered":17,"skipped":0,"pct":100},"branches":{"total":4,"covered":4,"skipped":0,"pct":100}}
,"/home/luisffg/Projetos/sd-012-project-recipes-app/src/pages/MainDrinks.jsx": {"lines":{"total":3,"covered":2,"skipped":0,"pct":66.67},"functions":{"total":2,"covered":1,"skipped":0,"pct":50},"statements":{"total":3,"covered":2,"skipped":0,"pct":66.67},"branches":{"total":4,"covered":2,"skipped":0,"pct":50}}
,"/home/luisffg/Projetos/sd-012-project-recipes-app/src/pages/MainFoods.jsx": {"lines":{"total":3,"covered":2,"skipped":0,"pct":66.67},"functions":{"total":2,"covered":1,"skipped":0,"pct":50},"statements":{"total":3,"covered":2,"skipped":0,"pct":66.67},"branches":{"total":4,"covered":2,"skipped":0,"pct":50}}
,"/home/luisffg/Projetos/sd-012-project-recipes-app/src/pages/Profile.jsx": {"lines":{"total":8,"covered":4,"skipped":0,"pct":50},"functions":{"total":4,"covered":1,"skipped":0,"pct":25},"statements":{"total":8,"covered":4,"skipped":0,"pct":50},"branches":{"total":2,"covered":1,"skipped":0,"pct":50}}
,"/home/luisffg/Projetos/sd-012-project-recipes-app/src/pages/ProgressDrink.jsx": {"lines":{"total":85,"covered":1,"skipped":0,"pct":1.18},"functions":{"total":19,"covered":0,"skipped":0,"pct":0},"statements":{"total":90,"covered":1,"skipped":0,"pct":1.11},"branches":{"total":26,"covered":0,"skipped":0,"pct":0}}
,"/home/luisffg/Projetos/sd-012-project-recipes-app/src/pages/ProgressFood.jsx": {"lines":{"total":85,"covered":1,"skipped":0,"pct":1.18},"functions":{"total":19,"covered":0,"skipped":0,"pct":0},"statements":{"total":90,"covered":1,"skipped":0,"pct":1.11},"branches":{"total":26,"covered":0,"skipped":0,"pct":0}}
,"/home/luisffg/Projetos/sd-012-project-recipes-app/src/services/drinksAPI.js": {"lines":{"total":15,"covered":3,"skipped":0,"pct":20},"functions":{"total":9,"covered":0,"skipped":0,"pct":0},"statements":{"total":15,"covered":3,"skipped":0,"pct":20},"branches":{"total":0,"covered":0,"skipped":0,"pct":100}}
,"/home/luisffg/Projetos/sd-012-project-recipes-app/src/services/foodsAPI.js": {"lines":{"total":15,"covered":3,"skipped":0,"pct":20},"functions":{"total":9,"covered":0,"skipped":0,"pct":0},"statements":{"total":15,"covered":3,"skipped":0,"pct":20},"branches":{"total":0,"covered":0,"skipped":0,"pct":100}}
}
