TN:
SF:/home/luisffg/Projetos/sd-012-project-recipes-app/src/App.js
FN:5,App
FNF:1
FNH:1
FNDA:42,App
DA:6,42
LF:1
LH:1
BRF:0
BRH:0
end_of_record
TN:
SF:/home/luisffg/Projetos/sd-012-project-recipes-app/src/Routes.js
FN:20,Routes
FNF:1
FNH:1
FNDA:42,Routes
DA:21,42
LF:1
LH:1
BRF:0
BRH:0
end_of_record
TN:
SF:/home/luisffg/Projetos/sd-012-project-recipes-app/src/components/ButtonCategories.jsx
FN:4,ButtonCategories
FN:8,(anonymous_1)
FNF:2
FNH:0
FNDA:0,ButtonCategories
FNDA:0,(anonymous_1)
DA:5,0
DA:8,0
DA:20,4
LF:3
LH:1
BRF:0
BRH:0
end_of_record
TN:
SF:/home/luisffg/Projetos/sd-012-project-recipes-app/src/components/DrinkCard.jsx
FN:5,DrinkCard
FNF:1
FNH:0
FNDA:0,DrinkCard
DA:6,0
DA:24,4
LF:2
LH:1
BRF:0
BRH:0
end_of_record
TN:
SF:/home/luisffg/Projetos/sd-012-project-recipes-app/src/components/DrinkList.jsx
FN:5,FoodList
FN:13,(anonymous_1)
FN:20,(anonymous_2)
FN:27,(anonymous_3)
FN:34,(anonymous_4)
FN:48,(anonymous_5)
FN:61,(anonymous_6)
FN:68,(anonymous_7)
FNF:8
FNH:0
FNDA:0,FoodList
FNDA:0,(anonymous_1)
FNDA:0,(anonymous_2)
FNDA:0,(anonymous_3)
FNDA:0,(anonymous_4)
FNDA:0,(anonymous_5)
FNDA:0,(anonymous_6)
FNDA:0,(anonymous_7)
DA:6,0
DA:7,0
DA:8,0
DA:9,0
DA:10,0
DA:11,0
DA:13,0
DA:14,0
DA:15,0
DA:16,0
DA:17,0
DA:20,0
DA:21,0
DA:22,0
DA:23,0
DA:24,0
DA:27,0
DA:28,0
DA:29,0
DA:30,0
DA:31,0
DA:34,0
DA:35,0
DA:36,0
DA:37,0
DA:38,0
DA:39,0
DA:40,0
DA:41,0
DA:43,0
DA:44,0
DA:48,0
DA:49,0
DA:50,0
DA:53,0
DA:54,0
DA:61,0
DA:69,0
DA:74,0
LF:39
LH:0
BRDA:35,0,0,0
BRDA:35,0,1,0
BRDA:39,1,0,0
BRDA:39,1,1,0
BRDA:53,2,0,0
BRDA:53,2,1,0
BRDA:53,3,0,0
BRDA:53,3,1,0
BRF:8
BRH:0
end_of_record
TN:
SF:/home/luisffg/Projetos/sd-012-project-recipes-app/src/components/FinishRecipeButton.jsx
FN:6,FinishRecipeButton
FN:13,(anonymous_1)
FN:41,(anonymous_2)
FN:69,(anonymous_3)
FNF:4
FNH:0
FNDA:0,FinishRecipeButton
FNDA:0,(anonymous_1)
FNDA:0,(anonymous_2)
FNDA:0,(anonymous_3)
DA:7,0
DA:9,0
DA:10,0
DA:13,0
DA:14,0
DA:15,0
DA:23,0
DA:24,0
DA:25,0
DA:26,0
DA:28,0
DA:41,0
DA:42,0
DA:43,0
DA:51,0
DA:52,0
DA:53,0
DA:54,0
DA:56,0
DA:69,0
DA:70,0
DA:71,0
DA:72,0
DA:74,0
DA:76,0
DA:77,0
DA:78,0
DA:80,0
DA:81,0
DA:83,0
DA:86,0
DA:99,4
LF:32
LH:1
BRDA:9,0,0,0
BRDA:9,0,1,0
BRDA:25,1,0,0
BRDA:25,1,1,0
BRDA:53,2,0,0
BRDA:53,2,1,0
BRDA:71,3,0,0
BRDA:71,3,1,0
BRDA:77,4,0,0
BRDA:77,4,1,0
BRF:10
BRH:0
end_of_record
TN:
SF:/home/luisffg/Projetos/sd-012-project-recipes-app/src/components/FoodCard.jsx
FN:5,FoodCard
FNF:1
FNH:0
FNDA:0,FoodCard
DA:6,0
DA:24,4
LF:2
LH:1
BRF:0
BRH:0
end_of_record
TN:
SF:/home/luisffg/Projetos/sd-012-project-recipes-app/src/components/FoodList.jsx
FN:5,FoodList
FN:12,(anonymous_1)
FN:19,(anonymous_2)
FN:26,(anonymous_3)
FN:33,(anonymous_4)
FN:47,(anonymous_5)
FN:60,(anonymous_6)
FN:67,(anonymous_7)
FNF:8
FNH:0
FNDA:0,FoodList
FNDA:0,(anonymous_1)
FNDA:0,(anonymous_2)
FNDA:0,(anonymous_3)
FNDA:0,(anonymous_4)
FNDA:0,(anonymous_5)
FNDA:0,(anonymous_6)
FNDA:0,(anonymous_7)
DA:6,0
DA:7,0
DA:8,0
DA:9,0
DA:10,0
DA:11,0
DA:12,0
DA:13,0
DA:14,0
DA:15,0
DA:16,0
DA:19,0
DA:20,0
DA:21,0
DA:22,0
DA:23,0
DA:26,0
DA:27,0
DA:28,0
DA:29,0
DA:30,0
DA:33,0
DA:34,0
DA:35,0
DA:36,0
DA:37,0
DA:38,0
DA:39,0
DA:40,0
DA:42,0
DA:43,0
DA:47,0
DA:48,0
DA:49,0
DA:52,0
DA:53,0
DA:60,0
DA:68,0
DA:73,0
LF:39
LH:0
BRDA:34,0,0,0
BRDA:34,0,1,0
BRDA:38,1,0,0
BRDA:38,1,1,0
BRDA:52,2,0,0
BRDA:52,2,1,0
BRDA:52,3,0,0
BRDA:52,3,1,0
BRF:8
BRH:0
end_of_record
TN:
SF:/home/luisffg/Projetos/sd-012-project-recipes-app/src/components/Footer.jsx
FN:8,Footer
FNF:1
FNH:1
FNDA:44,Footer
DA:9,44
LF:1
LH:1
BRF:0
BRH:0
end_of_record
TN:
SF:/home/luisffg/Projetos/sd-012-project-recipes-app/src/components/Header.jsx
FN:9,Header
FN:11,(anonymous_1)
FN:12,(anonymous_2)
FN:14,(anonymous_3)
FNF:4
FNH:4
FNDA:52,Header
FNDA:3,(anonymous_1)
FNDA:3,(anonymous_2)
FNDA:52,(anonymous_3)
DA:10,52
DA:11,52
DA:12,3
DA:14,52
DA:15,52
DA:16,16
DA:28,52
DA:46,4
LF:8
LH:8
BRDA:15,0,0,16
BRDA:15,0,1,36
BRDA:15,1,0,52
BRDA:15,1,1,46
BRDA:15,1,2,41
BRDA:41,2,0,52
BRDA:41,2,1,3
BRF:7
BRH:7
end_of_record
TN:
SF:/home/luisffg/Projetos/sd-012-project-recipes-app/src/components/IngredientsCheckList.jsx
FN:9,IngredientsCheckList
FN:14,(anonymous_1)
FN:22,(anonymous_2)
FNF:3
FNH:0
FNDA:0,IngredientsCheckList
FNDA:0,(anonymous_1)
FNDA:0,(anonymous_2)
DA:10,0
DA:15,0
DA:22,0
DA:33,4
LF:4
LH:1
BRF:0
BRH:0
end_of_record
TN:
SF:/home/luisffg/Projetos/sd-012-project-recipes-app/src/components/RecipeCard.jsx
FN:4,RecipeCard
FNF:1
FNH:0
FNDA:0,RecipeCard
DA:5,0
DA:27,4
LF:2
LH:1
BRDA:8,0,0,0
BRDA:8,0,1,0
BRDA:13,1,0,0
BRDA:13,1,1,0
BRDA:14,2,0,0
BRDA:14,2,1,0
BRDA:20,3,0,0
BRDA:20,3,1,0
BRF:8
BRH:0
end_of_record
TN:
SF:/home/luisffg/Projetos/sd-012-project-recipes-app/src/components/RecomendedCard.jsx
FN:4,RecomendedCard
FNF:1
FNH:0
FNDA:0,RecomendedCard
DA:5,0
DA:8,0
DA:25,4
LF:3
LH:1
BRF:0
BRH:0
end_of_record
TN:
SF:/home/luisffg/Projetos/sd-012-project-recipes-app/src/components/SearchBar.jsx
FN:14,SearchBar
FN:22,(anonymous_1)
FN:44,(anonymous_2)
FN:66,(anonymous_3)
FN:72,(anonymous_4)
FN:78,(anonymous_5)
FNF:6
FNH:1
FNDA:3,SearchBar
FNDA:0,(anonymous_1)
FNDA:0,(anonymous_2)
FNDA:0,(anonymous_3)
FNDA:0,(anonymous_4)
FNDA:0,(anonymous_5)
DA:15,3
DA:17,3
DA:18,3
DA:19,3
DA:20,3
DA:22,3
DA:23,0
DA:24,0
DA:26,0
DA:28,0
DA:29,0
DA:31,0
DA:32,0
DA:34,0
DA:35,0
DA:37,0
DA:38,0
DA:41,0
DA:44,3
DA:45,0
DA:46,0
DA:48,0
DA:50,0
DA:51,0
DA:53,0
DA:54,0
DA:56,0
DA:57,0
DA:59,0
DA:60,0
DA:63,0
DA:66,3
DA:68,0
DA:69,0
DA:72,3
DA:74,0
DA:75,0
DA:78,3
DA:79,0
DA:80,0
DA:82,0
DA:86,3
DA:139,4
LF:43
LH:12
BRDA:24,0,0,0
BRDA:24,0,1,0
BRDA:24,1,0,0
BRDA:24,1,1,0
BRDA:28,2,0,0
BRDA:28,2,1,0
BRDA:31,3,0,0
BRDA:31,3,1,0
BRDA:34,4,0,0
BRDA:34,4,1,0
BRDA:37,5,0,0
BRDA:37,5,1,0
BRDA:37,6,0,0
BRDA:37,6,1,0
BRDA:46,7,0,0
BRDA:46,7,1,0
BRDA:46,8,0,0
BRDA:46,8,1,0
BRDA:50,9,0,0
BRDA:50,9,1,0
BRDA:53,10,0,0
BRDA:53,10,1,0
BRDA:56,11,0,0
BRDA:56,11,1,0
BRDA:59,12,0,0
BRDA:59,12,1,0
BRDA:59,13,0,0
BRDA:59,13,1,0
BRDA:79,14,0,0
BRDA:79,14,1,0
BRF:30
BRH:0
end_of_record
TN:
SF:/home/luisffg/Projetos/sd-012-project-recipes-app/src/context/AppContext.jsx
FNF:0
FNH:0
DA:3,4
LF:1
LH:1
BRF:0
BRH:0
end_of_record
TN:
SF:/home/luisffg/Projetos/sd-012-project-recipes-app/src/context/AppProvider.jsx
FN:5,AppProvider
FNF:1
FNH:1
FNDA:42,AppProvider
DA:6,42
DA:7,42
DA:8,42
DA:10,42
DA:19,42
DA:26,4
LF:6
LH:6
BRF:0
BRH:0
end_of_record
TN:
SF:/home/luisffg/Projetos/sd-012-project-recipes-app/src/helpers/InitialValues.js
FNF:0
FNH:0
DA:1,4
LF:1
LH:1
BRF:0
BRH:0
end_of_record
TN:
SF:/home/luisffg/Projetos/sd-012-project-recipes-app/src/helpers/renderWithRouter.js
FN:6,(anonymous_0)
FNF:1
FNH:1
FNDA:46,(anonymous_0)
DA:6,5
DA:7,46
DA:8,46
LF:3
LH:3
BRF:0
BRH:0
end_of_record
TN:
SF:/home/luisffg/Projetos/sd-012-project-recipes-app/src/pages/DoneRecipes.jsx
FN:16,(anonymous_0)
FN:26,DoneRecipes
FN:32,(anonymous_2)
FN:37,(anonymous_3)
FN:41,(anonymous_4)
FN:42,(anonymous_5)
FN:45,(anonymous_6)
FN:46,(anonymous_7)
FN:49,(anonymous_8)
FN:57,(anonymous_9)
FN:86,(anonymous_10)
FN:89,(anonymous_11)
FN:123,(anonymous_12)
FN:136,(anonymous_13)
FNF:14
FNH:5
FNDA:3,(anonymous_0)
FNDA:6,DoneRecipes
FNDA:3,(anonymous_2)
FNDA:0,(anonymous_3)
FNDA:0,(anonymous_4)
FNDA:0,(anonymous_5)
FNDA:0,(anonymous_6)
FNDA:0,(anonymous_7)
FNDA:0,(anonymous_8)
FNDA:6,(anonymous_9)
FNDA:3,(anonymous_10)
FNDA:0,(anonymous_11)
FNDA:0,(anonymous_12)
FNDA:0,(anonymous_13)
DA:16,4
DA:27,6
DA:28,6
DA:29,6
DA:30,6
DA:32,6
DA:33,3
DA:34,3
DA:37,6
DA:38,0
DA:41,6
DA:42,0
DA:45,6
DA:46,0
DA:49,6
DA:50,0
DA:51,0
DA:52,0
DA:53,0
DA:54,0
DA:57,6
DA:58,6
DA:86,6
DA:87,3
DA:90,0
DA:124,0
DA:136,0
DA:153,6
LF:28
LH:17
BRDA:111,0,0,0
BRDA:111,0,1,0
BRDA:144,1,0,0
BRDA:144,1,1,0
BRDA:157,2,0,6
BRDA:157,2,1,3
BRF:6
BRH:2
end_of_record
TN:
SF:/home/luisffg/Projetos/sd-012-project-recipes-app/src/pages/DrinkDetails.jsx
FN:12,DrinkDetails
FN:33,(anonymous_1)
FN:40,(anonymous_2)
FN:46,(anonymous_3)
FN:61,(anonymous_4)
FN:62,(anonymous_5)
FN:73,(anonymous_6)
FN:89,(anonymous_7)
FN:97,(anonymous_8)
FN:99,(anonymous_9)
FN:108,(anonymous_10)
FN:116,(anonymous_11)
FN:138,(anonymous_12)
FN:140,(anonymous_13)
FN:148,(anonymous_14)
FN:171,(anonymous_15)
FN:195,(anonymous_16)
FNF:17
FNH:0
FNDA:0,DrinkDetails
FNDA:0,(anonymous_1)
FNDA:0,(anonymous_2)
FNDA:0,(anonymous_3)
FNDA:0,(anonymous_4)
FNDA:0,(anonymous_5)
FNDA:0,(anonymous_6)
FNDA:0,(anonymous_7)
FNDA:0,(anonymous_8)
FNDA:0,(anonymous_9)
FNDA:0,(anonymous_10)
FNDA:0,(anonymous_11)
FNDA:0,(anonymous_12)
FNDA:0,(anonymous_13)
FNDA:0,(anonymous_14)
FNDA:0,(anonymous_15)
FNDA:0,(anonymous_16)
DA:13,0
DA:14,0
DA:15,0
DA:16,0
DA:17,0
DA:18,0
DA:19,0
DA:20,0
DA:25,0
DA:28,0
DA:29,0
DA:30,0
DA:31,0
DA:33,0
DA:34,0
DA:35,0
DA:36,0
DA:37,0
DA:40,0
DA:41,0
DA:42,0
DA:43,0
DA:44,0
DA:47,0
DA:61,0
DA:62,0
DA:63,0
DA:64,0
DA:65,0
DA:66,0
DA:68,0
DA:69,0
DA:70,0
DA:73,0
DA:74,0
DA:75,0
DA:76,0
DA:77,0
DA:78,0
DA:79,0
DA:80,0
DA:86,0
DA:89,0
DA:90,0
DA:91,0
DA:93,0
DA:97,0
DA:98,0
DA:99,0
DA:100,0
DA:102,0
DA:103,0
DA:104,0
DA:106,0
DA:107,0
DA:108,0
DA:109,0
DA:110,0
DA:116,0
DA:117,0
DA:126,0
DA:127,0
DA:128,0
DA:130,0
DA:134,0
DA:138,0
DA:139,0
DA:140,0
DA:141,0
DA:142,0
DA:144,0
DA:148,0
DA:149,0
DA:150,0
DA:152,0
DA:154,0
DA:157,0
DA:172,0
DA:173,0
DA:196,0
DA:223,4
LF:81
LH:1
BRDA:43,0,0,0
BRDA:43,0,1,0
BRDA:79,1,0,0
BRDA:79,1,1,0
BRDA:90,2,0,0
BRDA:90,2,1,0
BRDA:99,3,0,0
BRDA:99,3,1,0
BRDA:99,4,0,0
BRDA:99,4,1,0
BRDA:103,5,0,0
BRDA:103,5,1,0
BRDA:103,6,0,0
BRDA:103,6,1,0
BRDA:107,7,0,0
BRDA:107,7,1,0
BRDA:109,8,0,0
BRDA:109,8,1,0
BRDA:127,9,0,0
BRDA:127,9,1,0
BRDA:141,10,0,0
BRDA:141,10,1,0
BRDA:149,11,0,0
BRDA:149,11,1,0
BRDA:183,12,0,0
BRDA:183,12,1,0
BRF:26
BRH:0
end_of_record
TN:
SF:/home/luisffg/Projetos/sd-012-project-recipes-app/src/pages/DrinkIngredients.jsx
FN:5,DrinksIngredients
FNF:1
FNH:1
FNDA:3,DrinksIngredients
DA:6,3
LF:1
LH:1
BRF:0
BRH:0
end_of_record
TN:
SF:/home/luisffg/Projetos/sd-012-project-recipes-app/src/pages/DrinksExplore.jsx
FN:7,ExploreDrinks
FN:10,(anonymous_1)
FN:17,(anonymous_2)
FNF:3
FNH:3
FNDA:3,ExploreDrinks
FNDA:3,(anonymous_1)
FNDA:3,(anonymous_2)
DA:8,3
DA:10,3
DA:11,3
DA:12,3
DA:13,0
DA:14,0
DA:17,3
DA:18,3
DA:21,3
LF:9
LH:7
BRF:0
BRH:0
end_of_record
TN:
SF:/home/luisffg/Projetos/sd-012-project-recipes-app/src/pages/Explore.jsx
FN:7,Explore
FNF:1
FNH:1
FNDA:3,Explore
DA:8,3
LF:1
LH:1
BRF:0
BRH:0
end_of_record
TN:
SF:/home/luisffg/Projetos/sd-012-project-recipes-app/src/pages/FavoriteRecipes.jsx
FN:4,FavoriteRecipes
FNF:1
FNH:1
FNDA:3,FavoriteRecipes
DA:5,3
LF:1
LH:1
BRF:0
BRH:0
end_of_record
TN:
SF:/home/luisffg/Projetos/sd-012-project-recipes-app/src/pages/FoodByOrigin.jsx
FN:5,FoodByOrigin
FNF:1
FNH:1
FNDA:4,FoodByOrigin
DA:6,4
LF:1
LH:1
BRF:0
BRH:0
end_of_record
TN:
SF:/home/luisffg/Projetos/sd-012-project-recipes-app/src/pages/FoodDetails.jsx
FN:12,FoodDetails
FN:39,(anonymous_1)
FN:46,(anonymous_2)
FN:52,(anonymous_3)
FN:67,(anonymous_4)
FN:68,(anonymous_5)
FN:79,(anonymous_6)
FN:95,(anonymous_7)
FN:97,(anonymous_8)
FN:106,(anonymous_9)
FN:114,(anonymous_10)
FN:133,(anonymous_11)
FN:135,(anonymous_12)
FN:143,(anonymous_13)
FN:152,(anonymous_14)
FN:174,(anonymous_15)
FN:196,(anonymous_16)
FNF:17
FNH:0
FNDA:0,FoodDetails
FNDA:0,(anonymous_1)
FNDA:0,(anonymous_2)
FNDA:0,(anonymous_3)
FNDA:0,(anonymous_4)
FNDA:0,(anonymous_5)
FNDA:0,(anonymous_6)
FNDA:0,(anonymous_7)
FNDA:0,(anonymous_8)
FNDA:0,(anonymous_9)
FNDA:0,(anonymous_10)
FNDA:0,(anonymous_11)
FNDA:0,(anonymous_12)
FNDA:0,(anonymous_13)
FNDA:0,(anonymous_14)
FNDA:0,(anonymous_15)
FNDA:0,(anonymous_16)
DA:13,0
DA:14,0
DA:22,0
DA:23,0
DA:24,0
DA:25,0
DA:26,0
DA:27,0
DA:31,0
DA:34,0
DA:35,0
DA:36,0
DA:37,0
DA:39,0
DA:40,0
DA:41,0
DA:42,0
DA:43,0
DA:46,0
DA:47,0
DA:48,0
DA:49,0
DA:50,0
DA:53,0
DA:67,0
DA:68,0
DA:69,0
DA:70,0
DA:71,0
DA:72,0
DA:74,0
DA:75,0
DA:76,0
DA:79,0
DA:80,0
DA:81,0
DA:82,0
DA:83,0
DA:84,0
DA:85,0
DA:86,0
DA:92,0
DA:95,0
DA:96,0
DA:97,0
DA:98,0
DA:100,0
DA:101,0
DA:102,0
DA:104,0
DA:105,0
DA:106,0
DA:107,0
DA:108,0
DA:114,0
DA:115,0
DA:124,0
DA:125,0
DA:126,0
DA:128,0
DA:129,0
DA:133,0
DA:134,0
DA:135,0
DA:136,0
DA:137,0
DA:139,0
DA:143,0
DA:144,0
DA:145,0
DA:147,0
DA:149,0
DA:152,0
DA:153,0
DA:154,0
DA:156,0
DA:160,0
DA:175,0
DA:176,0
DA:197,0
DA:230,4
LF:81
LH:1
BRDA:49,0,0,0
BRDA:49,0,1,0
BRDA:85,1,0,0
BRDA:85,1,1,0
BRDA:97,2,0,0
BRDA:97,2,1,0
BRDA:97,3,0,0
BRDA:97,3,1,0
BRDA:101,4,0,0
BRDA:101,4,1,0
BRDA:101,5,0,0
BRDA:101,5,1,0
BRDA:105,6,0,0
BRDA:105,6,1,0
BRDA:107,7,0,0
BRDA:107,7,1,0
BRDA:125,8,0,0
BRDA:125,8,1,0
BRDA:136,9,0,0
BRDA:136,9,1,0
BRDA:144,10,0,0
BRDA:144,10,1,0
BRDA:153,11,0,0
BRDA:153,11,1,0
BRDA:186,12,0,0
BRDA:186,12,1,0
BRF:26
BRH:0
end_of_record
TN:
SF:/home/luisffg/Projetos/sd-012-project-recipes-app/src/pages/FoodIngredients.jsx
FN:5,FoodIngredients
FNF:1
FNH:1
FNDA:3,FoodIngredients
DA:6,3
LF:1
LH:1
BRF:0
BRH:0
end_of_record
TN:
SF:/home/luisffg/Projetos/sd-012-project-recipes-app/src/pages/FoodsExplore.jsx
FN:7,ExploreFoods
FN:10,(anonymous_1)
FN:17,(anonymous_2)
FNF:3
FNH:3
FNDA:3,ExploreFoods
FNDA:3,(anonymous_1)
FNDA:3,(anonymous_2)
DA:8,3
DA:10,3
DA:11,3
DA:12,3
DA:13,0
DA:14,0
DA:17,3
DA:18,3
DA:21,3
LF:9
LH:7
BRF:0
BRH:0
end_of_record
TN:
SF:/home/luisffg/Projetos/sd-012-project-recipes-app/src/pages/Home.jsx
FN:4,Home
FNF:1
FNH:1
FNDA:42,Home
DA:5,42
LF:1
LH:1
BRF:0
BRH:0
end_of_record
TN:
SF:/home/luisffg/Projetos/sd-012-project-recipes-app/src/pages/Login.jsx
FN:5,Login
FN:13,(anonymous_1)
FN:20,(anonymous_2)
FN:25,(anonymous_3)
FN:63,(anonymous_4)
FNF:5
FNH:5
FNDA:117,Login
FNDA:74,(anonymous_1)
FNDA:116,(anonymous_2)
FNDA:1,(anonymous_3)
FNDA:1,(anonymous_4)
DA:6,117
DA:7,117
DA:8,117
DA:13,117
DA:14,74
DA:20,117
DA:21,116
DA:22,116
DA:25,117
DA:26,1
DA:27,1
DA:28,1
DA:31,1
DA:34,117
DA:35,1
DA:38,116
DA:63,1
LF:17
LH:17
BRDA:34,0,0,1
BRDA:34,0,1,116
BRDA:60,1,0,116
BRDA:60,1,1,26
BRF:4
BRH:4
end_of_record
TN:
SF:/home/luisffg/Projetos/sd-012-project-recipes-app/src/pages/MainDrinks.jsx
FN:9,MainDrinks
FN:17,(anonymous_1)
FNF:2
FNH:1
FNDA:4,MainDrinks
FNDA:0,(anonymous_1)
DA:10,4
DA:11,4
DA:18,0
LF:3
LH:2
BRDA:13,0,0,4
BRDA:13,0,1,0
BRDA:17,1,0,4
BRDA:17,1,1,0
BRF:4
BRH:2
end_of_record
TN:
SF:/home/luisffg/Projetos/sd-012-project-recipes-app/src/pages/MainFoods.jsx
FN:9,MainFoods
FN:17,(anonymous_1)
FNF:2
FNH:1
FNDA:5,MainFoods
FNDA:0,(anonymous_1)
DA:10,5
DA:11,5
DA:18,0
LF:3
LH:2
BRDA:13,0,0,5
BRDA:13,0,1,0
BRDA:17,1,0,5
BRDA:17,1,1,0
BRF:4
BRH:2
end_of_record
TN:
SF:/home/luisffg/Projetos/sd-012-project-recipes-app/src/pages/Profile.jsx
FN:6,Profile
FN:25,(anonymous_1)
FN:33,(anonymous_2)
FN:41,(anonymous_3)
FNF:4
FNH:1
FNDA:12,Profile
FNDA:0,(anonymous_1)
FNDA:0,(anonymous_2)
FNDA:0,(anonymous_3)
DA:7,12
DA:8,12
DA:10,12
DA:13,12
DA:25,0
DA:33,0
DA:42,0
DA:43,0
LF:8
LH:4
BRDA:10,0,0,0
BRDA:10,0,1,12
BRF:2
BRH:1
end_of_record
TN:
SF:/home/luisffg/Projetos/sd-012-project-recipes-app/src/pages/ProgressDrink.jsx
FN:13,ProgressDrink
FN:25,(anonymous_1)
FN:26,(anonymous_2)
FN:29,(anonymous_3)
FN:30,(anonymous_4)
FN:36,(anonymous_5)
FN:45,(anonymous_6)
FN:52,(anonymous_7)
FN:69,(anonymous_8)
FN:77,(anonymous_9)
FN:103,(anonymous_10)
FN:126,(anonymous_11)
FN:128,(anonymous_12)
FN:136,(anonymous_13)
FN:149,(anonymous_14)
FN:155,(anonymous_15)
FN:164,(anonymous_16)
FN:170,(anonymous_17)
FN:182,(anonymous_18)
FNF:19
FNH:0
FNDA:0,ProgressDrink
FNDA:0,(anonymous_1)
FNDA:0,(anonymous_2)
FNDA:0,(anonymous_3)
FNDA:0,(anonymous_4)
FNDA:0,(anonymous_5)
FNDA:0,(anonymous_6)
FNDA:0,(anonymous_7)
FNDA:0,(anonymous_8)
FNDA:0,(anonymous_9)
FNDA:0,(anonymous_10)
FNDA:0,(anonymous_11)
FNDA:0,(anonymous_12)
FNDA:0,(anonymous_13)
FNDA:0,(anonymous_14)
FNDA:0,(anonymous_15)
FNDA:0,(anonymous_16)
FNDA:0,(anonymous_17)
FNDA:0,(anonymous_18)
DA:18,0
DA:19,0
DA:20,0
DA:21,0
DA:22,0
DA:23,0
DA:25,0
DA:26,0
DA:27,0
DA:28,0
DA:29,0
DA:30,0
DA:31,0
DA:33,0
DA:36,0
DA:37,0
DA:38,0
DA:39,0
DA:40,0
DA:42,0
DA:44,0
DA:45,0
DA:46,0
DA:47,0
DA:52,0
DA:53,0
DA:54,0
DA:55,0
DA:56,0
DA:57,0
DA:58,0
DA:59,0
DA:66,0
DA:69,0
DA:70,0
DA:71,0
DA:73,0
DA:77,0
DA:78,0
DA:79,0
DA:85,0
DA:86,0
DA:87,0
DA:89,0
DA:99,0
DA:103,0
DA:104,0
DA:105,0
DA:114,0
DA:115,0
DA:116,0
DA:118,0
DA:122,0
DA:126,0
DA:127,0
DA:128,0
DA:129,0
DA:130,0
DA:132,0
DA:136,0
DA:137,0
DA:138,0
DA:139,0
DA:140,0
DA:143,0
DA:146,0
DA:149,0
DA:150,0
DA:151,0
DA:152,0
DA:155,0
DA:156,0
DA:157,0
DA:159,0
DA:161,0
DA:164,0
DA:165,0
DA:166,0
DA:170,0
DA:171,0
DA:182,0
DA:183,0
DA:185,0
DA:209,0
DA:216,4
LF:85
LH:1
BRDA:39,0,0,0
BRDA:39,0,1,0
BRDA:39,1,0,0
BRDA:39,1,1,0
BRDA:44,2,0,0
BRDA:44,2,1,0
BRDA:46,3,0,0
BRDA:46,3,1,0
BRDA:58,4,0,0
BRDA:58,4,1,0
BRDA:70,5,0,0
BRDA:70,5,1,0
BRDA:86,6,0,0
BRDA:86,6,1,0
BRDA:115,7,0,0
BRDA:115,7,1,0
BRDA:129,8,0,0
BRDA:129,8,1,0
BRDA:139,9,0,0
BRDA:139,9,1,0
BRDA:156,10,0,0
BRDA:156,10,1,0
BRDA:165,11,0,0
BRDA:165,11,1,0
BRDA:200,12,0,0
BRDA:200,12,1,0
BRF:26
BRH:0
end_of_record
TN:
SF:/home/luisffg/Projetos/sd-012-project-recipes-app/src/pages/ProgressFood.jsx
FN:13,ProgressFood
FN:25,(anonymous_1)
FN:26,(anonymous_2)
FN:29,(anonymous_3)
FN:30,(anonymous_4)
FN:36,(anonymous_5)
FN:45,(anonymous_6)
FN:52,(anonymous_7)
FN:69,(anonymous_8)
FN:77,(anonymous_9)
FN:103,(anonymous_10)
FN:126,(anonymous_11)
FN:128,(anonymous_12)
FN:136,(anonymous_13)
FN:149,(anonymous_14)
FN:155,(anonymous_15)
FN:164,(anonymous_16)
FN:170,(anonymous_17)
FN:182,(anonymous_18)
FNF:19
FNH:0
FNDA:0,ProgressFood
FNDA:0,(anonymous_1)
FNDA:0,(anonymous_2)
FNDA:0,(anonymous_3)
FNDA:0,(anonymous_4)
FNDA:0,(anonymous_5)
FNDA:0,(anonymous_6)
FNDA:0,(anonymous_7)
FNDA:0,(anonymous_8)
FNDA:0,(anonymous_9)
FNDA:0,(anonymous_10)
FNDA:0,(anonymous_11)
FNDA:0,(anonymous_12)
FNDA:0,(anonymous_13)
FNDA:0,(anonymous_14)
FNDA:0,(anonymous_15)
FNDA:0,(anonymous_16)
FNDA:0,(anonymous_17)
FNDA:0,(anonymous_18)
DA:18,0
DA:19,0
DA:20,0
DA:21,0
DA:22,0
DA:23,0
DA:25,0
DA:26,0
DA:27,0
DA:28,0
DA:29,0
DA:30,0
DA:31,0
DA:33,0
DA:36,0
DA:37,0
DA:38,0
DA:39,0
DA:40,0
DA:42,0
DA:44,0
DA:45,0
DA:46,0
DA:47,0
DA:52,0
DA:53,0
DA:54,0
DA:55,0
DA:56,0
DA:57,0
DA:58,0
DA:59,0
DA:66,0
DA:69,0
DA:70,0
DA:71,0
DA:73,0
DA:77,0
DA:78,0
DA:79,0
DA:85,0
DA:86,0
DA:87,0
DA:89,0
DA:99,0
DA:103,0
DA:104,0
DA:105,0
DA:114,0
DA:115,0
DA:116,0
DA:118,0
DA:122,0
DA:126,0
DA:127,0
DA:128,0
DA:129,0
DA:130,0
DA:132,0
DA:136,0
DA:137,0
DA:138,0
DA:139,0
DA:140,0
DA:143,0
DA:146,0
DA:149,0
DA:150,0
DA:151,0
DA:152,0
DA:155,0
DA:156,0
DA:157,0
DA:159,0
DA:161,0
DA:164,0
DA:165,0
DA:166,0
DA:170,0
DA:171,0
DA:182,0
DA:183,0
DA:185,0
DA:209,0
DA:216,4
LF:85
LH:1
BRDA:39,0,0,0
BRDA:39,0,1,0
BRDA:39,1,0,0
BRDA:39,1,1,0
BRDA:44,2,0,0
BRDA:44,2,1,0
BRDA:46,3,0,0
BRDA:46,3,1,0
BRDA:58,4,0,0
BRDA:58,4,1,0
BRDA:70,5,0,0
BRDA:70,5,1,0
BRDA:86,6,0,0
BRDA:86,6,1,0
BRDA:115,7,0,0
BRDA:115,7,1,0
BRDA:129,8,0,0
BRDA:129,8,1,0
BRDA:139,9,0,0
BRDA:139,9,1,0
BRDA:156,10,0,0
BRDA:156,10,1,0
BRDA:165,11,0,0
BRDA:165,11,1,0
BRDA:200,12,0,0
BRDA:200,12,1,0
BRF:26
BRH:0
end_of_record
TN:
SF:/home/luisffg/Projetos/sd-012-project-recipes-app/src/services/drinksAPI.js
FN:1,(anonymous_0)
FN:4,(anonymous_1)
FN:5,(anonymous_2)
FN:8,(anonymous_3)
FN:11,(anonymous_4)
FN:12,(anonymous_5)
FN:15,(anonymous_6)
FN:18,(anonymous_7)
FN:19,(anonymous_8)
FNF:9
FNH:0
FNDA:0,(anonymous_0)
FNDA:0,(anonymous_1)
FNDA:0,(anonymous_2)
FNDA:0,(anonymous_3)
FNDA:0,(anonymous_4)
FNDA:0,(anonymous_5)
FNDA:0,(anonymous_6)
FNDA:0,(anonymous_7)
FNDA:0,(anonymous_8)
DA:1,4
DA:2,0
DA:3,0
DA:4,0
DA:5,0
DA:8,4
DA:9,0
DA:10,0
DA:11,0
DA:12,0
DA:15,4
DA:16,0
DA:17,0
DA:18,0
DA:19,0
LF:15
LH:3
BRF:0
BRH:0
end_of_record
TN:
SF:/home/luisffg/Projetos/sd-012-project-recipes-app/src/services/foodsAPI.js
FN:1,(anonymous_0)
FN:4,(anonymous_1)
FN:5,(anonymous_2)
FN:8,(anonymous_3)
FN:11,(anonymous_4)
FN:12,(anonymous_5)
FN:15,(anonymous_6)
FN:18,(anonymous_7)
FN:19,(anonymous_8)
FNF:9
FNH:0
FNDA:0,(anonymous_0)
FNDA:0,(anonymous_1)
FNDA:0,(anonymous_2)
FNDA:0,(anonymous_3)
FNDA:0,(anonymous_4)
FNDA:0,(anonymous_5)
FNDA:0,(anonymous_6)
FNDA:0,(anonymous_7)
FNDA:0,(anonymous_8)
DA:1,4
DA:2,0
DA:3,0
DA:4,0
DA:5,0
DA:8,4
DA:9,0
DA:10,0
DA:11,0
DA:12,0
DA:15,4
DA:16,0
DA:17,0
DA:18,0
DA:19,0
LF:15
LH:3
BRF:0
BRH:0
end_of_record
